2025-06-23 06:03:46.982: [INFO] VisibilityChanged: 0
2025-06-23 06:03:47.035: [INFO] RecordSyncInitDuration has_sync_been_enabled: 0 state: 0
2025-06-23 06:03:47.036: [INFO] RecordSyncInitDuration has_sync_been_enabled: 0 state: 0
2025-06-23 06:03:47.037: [INFO] RecordSyncInitDuration has_sync_been_enabled: 0 state: 0
2025-06-23 06:03:47.038: [INFO] RecordSyncInitDuration has_sync_been_enabled: 0 state: 0
2025-06-23 06:03:47.039: [INFO] RecordSyncInitDuration has_sync_been_enabled: 0 state: 0
2025-06-23 06:03:47.040: [INFO] RecordSyncInitDuration has_sync_been_enabled: 0 state: 0
2025-06-23 06:03:47.041: [INFO] RecordSyncInitDuration has_sync_been_enabled: 0 state: 0
2025-06-23 06:03:47.042: [INFO] RecordSyncInitDuration has_sync_been_enabled: 0 state: 0
2025-06-23 06:03:47.043: [INFO] RecordSyncInitDuration has_sync_been_enabled: 0 state: 0
2025-06-23 06:03:47.043: [INFO] RecordSyncInitDuration has_sync_been_enabled: 0 state: 0
2025-06-23 06:03:47.044: [INFO] RecordSyncInitDuration has_sync_been_enabled: 0 state: 0
2025-06-23 06:03:47.062: [INFO] BookmarkNodeAdded, ABU: 0
2025-06-23 06:03:47.062: [INFO] BookmarkNodeAdded, ABU: 0
2025-06-23 06:03:47.062: [INFO] BookmarkModelLoaded, ids_reassigned: 0
2025-06-23 06:03:47.063: [INFO] OnDoneLoading sync enabled: 0
2025-06-23 06:03:47.137: [INFO] RecordSyncInitDuration has_sync_been_enabled: 0 state: 0
2025-06-23 06:03:47.252: [INFO] RecordSyncInitDuration has_sync_been_enabled: 0 state: 3
2025-06-23 06:03:47.255: [INFO] Primary account changed.
2025-06-23 06:03:47.255: [INFO] OnPrimaryAccountChanged PrimaryAccountChangeEvent::Type::kSet
2025-06-23 06:03:47.259: [INFO] RecordSyncInitDuration has_sync_been_enabled: 0 state: 3
2025-06-23 06:03:47.695: [INFO] RecordSyncInitDuration has_sync_been_enabled: 0 state: 3
2025-06-23 06:03:52.811: [INFO] Sync initialization duration: 4679ms
2025-06-23 17:14:10.040: [INFO] VisibilityChanged: 0
2025-06-23 17:14:10.282: [INFO] BookmarkNodeAdded, ABU: 0
2025-06-23 17:14:10.283: [INFO] BookmarkNodeAdded, ABU: 0
2025-06-23 17:14:10.283: [INFO] BookmarkModelLoaded, ids_reassigned: 0
2025-06-23 17:14:10.283: [INFO] OnDoneLoading sync enabled: 1
2025-06-23 17:14:13.311: [INFO] Sync initialization duration: 2553ms
2025-06-23 17:20:57.166: [INFO] VisibilityChanged: 0
2025-06-23 17:20:57.372: [INFO] BookmarkNodeAdded, ABU: 0
2025-06-23 17:20:57.372: [INFO] BookmarkNodeAdded, ABU: 0
2025-06-23 17:20:57.372: [INFO] BookmarkModelLoaded, ids_reassigned: 0
2025-06-23 17:20:57.373: [INFO] OnDoneLoading sync enabled: 1
2025-06-23 17:20:59.701: [INFO] Sync initialization duration: 1879ms
2025-06-23 17:51:09.879: [INFO] VisibilityChanged: 0
2025-06-23 17:51:09.942: [INFO] BookmarkNodeAdded, ABU: 0
2025-06-23 17:51:09.942: [INFO] BookmarkNodeAdded, ABU: 0
2025-06-23 17:51:09.942: [INFO] BookmarkModelLoaded, ids_reassigned: 0
2025-06-23 17:51:09.942: [INFO] OnDoneLoading sync enabled: 1
2025-06-23 17:51:12.740: [INFO] Sync initialization duration: 2586ms
2025-06-23 18:36:51.557: [INFO] VisibilityChanged: 0
2025-06-23 18:36:51.887: [INFO] BookmarkNodeAdded, ABU: 0
2025-06-23 18:36:51.888: [INFO] BookmarkNodeAdded, ABU: 0
2025-06-23 18:36:51.888: [INFO] BookmarkModelLoaded, ids_reassigned: 0
2025-06-23 18:36:51.888: [INFO] OnDoneLoading sync enabled: 1
2025-06-23 18:36:54.974: [INFO] Sync initialization duration: 2144ms
2025-06-23 19:04:54.503: [INFO] VisibilityChanged: 0
2025-06-23 19:04:54.676: [INFO] BookmarkNodeAdded, ABU: 0
2025-06-23 19:04:54.677: [INFO] BookmarkNodeAdded, ABU: 0
2025-06-23 19:04:54.677: [INFO] BookmarkModelLoaded, ids_reassigned: 0
2025-06-23 19:04:54.677: [INFO] OnDoneLoading sync enabled: 1
2025-06-23 19:04:57.763: [INFO] Sync initialization duration: 2236ms
2025-06-23 19:09:22.681: [INFO] VisibilityChanged: 0
2025-06-23 19:09:22.753: [INFO] BookmarkNodeAdded, ABU: 0
2025-06-23 19:09:22.754: [INFO] BookmarkNodeAdded, ABU: 0
2025-06-23 19:09:22.754: [INFO] BookmarkModelLoaded, ids_reassigned: 0
2025-06-23 19:09:22.754: [INFO] OnDoneLoading sync enabled: 1
2025-06-23 19:09:24.833: [INFO] Sync initialization duration: 1837ms
2025-06-23 19:20:23.022: [INFO] VisibilityChanged: 0
2025-06-23 19:20:23.088: [INFO] BookmarkNodeAdded, ABU: 0
2025-06-23 19:20:23.088: [INFO] BookmarkNodeAdded, ABU: 0
2025-06-23 19:20:23.088: [INFO] BookmarkModelLoaded, ids_reassigned: 0
2025-06-23 19:20:23.088: [INFO] OnDoneLoading sync enabled: 1
2025-06-23 19:20:26.365: [INFO] Sync initialization duration: 2901ms
2025-06-23 19:50:12.362: [INFO] VisibilityChanged: 0
2025-06-23 19:50:12.701: [INFO] BookmarkNodeAdded, ABU: 0
2025-06-23 19:50:12.701: [INFO] BookmarkNodeAdded, ABU: 0
2025-06-23 19:50:12.701: [INFO] BookmarkModelLoaded, ids_reassigned: 0
2025-06-23 19:50:12.701: [INFO] OnDoneLoading sync enabled: 1
2025-06-23 19:50:15.775: [INFO] Sync initialization duration: 2781ms
2025-06-23 20:31:24.186: [INFO] VisibilityChanged: 0
2025-06-23 20:31:24.260: [INFO] BookmarkNodeAdded, ABU: 0
2025-06-23 20:31:24.260: [INFO] BookmarkNodeAdded, ABU: 0
2025-06-23 20:31:24.260: [INFO] BookmarkModelLoaded, ids_reassigned: 0
2025-06-23 20:31:24.260: [INFO] OnDoneLoading sync enabled: 1
2025-06-23 20:31:27.618: [INFO] Sync initialization duration: 2932ms
2025-06-23 20:41:29.874: [INFO] VisibilityChanged: 0
2025-06-23 20:41:29.933: [INFO] BookmarkNodeAdded, ABU: 0
2025-06-23 20:41:29.933: [INFO] BookmarkNodeAdded, ABU: 0
2025-06-23 20:41:29.933: [INFO] BookmarkModelLoaded, ids_reassigned: 0
2025-06-23 20:41:29.933: [INFO] OnDoneLoading sync enabled: 1
2025-06-23 20:41:32.906: [INFO] Sync initialization duration: 2601ms
2025-06-23 20:51:16.349: [INFO] VisibilityChanged: 0
2025-06-23 20:51:16.500: [INFO] BookmarkNodeAdded, ABU: 0
2025-06-23 20:51:16.500: [INFO] BookmarkNodeAdded, ABU: 0
2025-06-23 20:51:16.500: [INFO] BookmarkModelLoaded, ids_reassigned: 0
2025-06-23 20:51:16.500: [INFO] OnDoneLoading sync enabled: 1
2025-06-23 20:51:19.134: [INFO] Sync initialization duration: 2228ms
2025-06-23 21:05:35.658: [INFO] VisibilityChanged: 0
2025-06-23 21:05:35.722: [INFO] BookmarkNodeAdded, ABU: 0
2025-06-23 21:05:35.722: [INFO] BookmarkNodeAdded, ABU: 0
2025-06-23 21:05:35.722: [INFO] BookmarkModelLoaded, ids_reassigned: 0
2025-06-23 21:05:35.722: [INFO] OnDoneLoading sync enabled: 1
2025-06-23 21:05:38.190: [INFO] Sync initialization duration: 2214ms
2025-06-23 21:25:06.850: [INFO] VisibilityChanged: 0
2025-06-23 21:25:06.896: [INFO] BookmarkNodeAdded, ABU: 0
2025-06-23 21:25:06.896: [INFO] BookmarkNodeAdded, ABU: 0
2025-06-23 21:25:06.896: [INFO] BookmarkModelLoaded, ids_reassigned: 0
2025-06-23 21:25:06.896: [INFO] OnDoneLoading sync enabled: 1
2025-06-23 21:25:09.786: [INFO] Sync initialization duration: 2665ms
2025-06-23 21:31:12.007: [INFO] VisibilityChanged: 0
2025-06-23 21:31:12.072: [INFO] BookmarkNodeAdded, ABU: 0
2025-06-23 21:31:12.072: [INFO] BookmarkNodeAdded, ABU: 0
2025-06-23 21:31:12.072: [INFO] BookmarkModelLoaded, ids_reassigned: 0
2025-06-23 21:31:12.072: [INFO] OnDoneLoading sync enabled: 1
2025-06-23 21:31:14.620: [INFO] Sync initialization duration: 2324ms
2025-06-23 21:37:55.282: [INFO] VisibilityChanged: 0
2025-06-23 21:37:55.353: [INFO] BookmarkNodeAdded, ABU: 0
2025-06-23 21:37:55.353: [INFO] BookmarkNodeAdded, ABU: 0
2025-06-23 21:37:55.353: [INFO] BookmarkModelLoaded, ids_reassigned: 0
2025-06-23 21:37:55.353: [INFO] OnDoneLoading sync enabled: 1
2025-06-23 21:37:58.250: [INFO] Sync initialization duration: 2682ms
2025-06-23 22:08:31.710: [INFO] VisibilityChanged: 0
2025-06-23 22:08:31.922: [INFO] BookmarkNodeAdded, ABU: 0
2025-06-23 22:08:31.922: [INFO] BookmarkNodeAdded, ABU: 0
2025-06-23 22:08:31.922: [INFO] BookmarkModelLoaded, ids_reassigned: 0
2025-06-23 22:08:31.922: [INFO] OnDoneLoading sync enabled: 1
2025-06-23 22:08:35.409: [INFO] Sync initialization duration: 2995ms
2025-06-23 22:22:24.172: [INFO] VisibilityChanged: 0
2025-06-23 22:22:24.284: [INFO] BookmarkNodeAdded, ABU: 0
2025-06-23 22:22:24.284: [INFO] BookmarkNodeAdded, ABU: 0
2025-06-23 22:22:24.284: [INFO] BookmarkModelLoaded, ids_reassigned: 0
2025-06-23 22:22:24.284: [INFO] OnDoneLoading sync enabled: 1
2025-06-23 22:22:27.391: [INFO] Sync initialization duration: 2600ms
2025-06-23 22:38:19.343: [INFO] VisibilityChanged: 0
2025-06-23 22:38:19.605: [INFO] BookmarkNodeAdded, ABU: 0
2025-06-23 22:38:19.605: [INFO] BookmarkNodeAdded, ABU: 0
2025-06-23 22:38:19.605: [INFO] BookmarkModelLoaded, ids_reassigned: 0
2025-06-23 22:38:19.605: [INFO] OnDoneLoading sync enabled: 1
2025-06-23 22:38:22.616: [INFO] Sync initialization duration: 2522ms
2025-06-23 22:45:02.968: [INFO] VisibilityChanged: 0
2025-06-23 22:45:03.247: [INFO] BookmarkNodeAdded, ABU: 0
2025-06-23 22:45:03.248: [INFO] BookmarkNodeAdded, ABU: 0
2025-06-23 22:45:03.248: [INFO] BookmarkModelLoaded, ids_reassigned: 0
2025-06-23 22:45:03.248: [INFO] OnDoneLoading sync enabled: 1
2025-06-23 22:45:06.276: [INFO] Sync initialization duration: 2506ms
2025-06-23 23:13:38.385: [INFO] VisibilityChanged: 0
2025-06-23 23:13:38.453: [INFO] BookmarkNodeAdded, ABU: 0
2025-06-23 23:13:38.453: [INFO] BookmarkNodeAdded, ABU: 0
2025-06-23 23:13:38.453: [INFO] BookmarkModelLoaded, ids_reassigned: 0
2025-06-23 23:13:38.453: [INFO] OnDoneLoading sync enabled: 1
2025-06-23 23:13:41.408: [INFO] Sync initialization duration: 2614ms
2025-06-23 23:21:02.024: [INFO] VisibilityChanged: 0
2025-06-23 23:21:02.097: [INFO] BookmarkNodeAdded, ABU: 0
2025-06-23 23:21:02.098: [INFO] BookmarkNodeAdded, ABU: 0
2025-06-23 23:21:02.098: [INFO] BookmarkModelLoaded, ids_reassigned: 0
2025-06-23 23:21:02.098: [INFO] OnDoneLoading sync enabled: 1
2025-06-23 23:21:05.057: [INFO] Sync initialization duration: 2631ms
2025-07-03 20:55:10.105: [INFO] VisibilityChanged: 0
2025-07-03 20:55:10.378: [INFO] BookmarkNodeAdded, ABU: 0
2025-07-03 20:55:10.379: [INFO] BookmarkNodeAdded, ABU: 0
2025-07-03 20:55:10.379: [INFO] BookmarkModelLoaded, ids_reassigned: 0
2025-07-03 20:55:10.379: [INFO] OnDoneLoading sync enabled: 1
2025-07-03 20:55:13.128: [INFO] Sync initialization duration: 2271ms
2025-07-03 21:13:18.505: [INFO] VisibilityChanged: 0
2025-07-03 21:13:18.566: [INFO] BookmarkNodeAdded, ABU: 0
2025-07-03 21:13:18.566: [INFO] BookmarkNodeAdded, ABU: 0
2025-07-03 21:13:18.567: [INFO] BookmarkModelLoaded, ids_reassigned: 0
2025-07-03 21:13:18.567: [INFO] OnDoneLoading sync enabled: 1
2025-07-03 21:13:21.260: [INFO] Sync initialization duration: 2386ms
2025-07-03 21:26:53.071: [INFO] VisibilityChanged: 0
2025-07-03 21:26:53.132: [INFO] BookmarkNodeAdded, ABU: 0
2025-07-03 21:26:53.132: [INFO] BookmarkNodeAdded, ABU: 0
2025-07-03 21:26:53.132: [INFO] BookmarkModelLoaded, ids_reassigned: 0
2025-07-03 21:26:53.132: [INFO] OnDoneLoading sync enabled: 1
2025-07-03 21:26:55.904: [INFO] Sync initialization duration: 2504ms
