{"logTime": "0623/213114", "correlationVector":"kXUf1DB03q0XVYfIjBWq6Q.2","action":"ProcessGetUpdates", "result":"Done", "context":{"dataType":"Preferences", "deleted":"1", "process_failed_to_decrypt":"0", "process_pending_decryption":"0", "process_success":"1", "total":"1"}}
{"logTime": "0623/213114", "correlationVector":"kXUf1DB03q0XVYfIjBWq6Q.3","action":"ProcessGetUpdates", "result":"Done", "context":{"dataType":"Sessions", "deleted":"1", "process_failed_to_decrypt":"0", "process_pending_decryption":"0", "process_success":"4", "total":"4"}}
{"logTime": "0623/213114", "correlationVector":"kXUf1DB03q0XVYfIjBWq6Q.4","action":"ProcessGetUpdates", "result":"Done", "context":{"dataType":"History", "deleted":"0", "process_failed_to_decrypt":"0", "process_pending_decryption":"0", "process_success":"2", "total":"2"}}
{"logTime": "0623/213114", "correlationVector":"kXUf1DB03q0XVYfIjBWq6Q.5","action":"GetUpdates Response", "result":"Success", "context":Received 7 update(s). cV=kXUf1DB03q0XVYfIjBWq6Q.0;server=akswtt00900000w;cloudType=Consumer;environment=Prod_centralus_prod-s01-068-nam-centralus;migrationStage=NotStarted}
{"logTime": "0623/213114", "correlationVector":"DO7/s6e3QK5ik+2lIqlqs/","action":"Commit Request", "result":"", "context":Item count: 5
Contributing types: Sessions, History}
{"logTime": "0623/213115", "correlationVector":"DO7/s6e3QK5ik+2lIqlqs/.1","action":"SyncServerConnectionManagerRequest", "result":"SYNC_SERVER_OK", "context":{"environment":"Prod_centralus_prod-s01-068-nam-centralus", "migrationStage":"NotStarted", "server":"akswtt009000029"}}
{"logTime": "0623/213115", "correlationVector":"DO7/s6e3QK5ik+2lIqlqs/.2","action":"Commit Response", "result":"Success", "context":Result: Success. cV=DO7/s6e3QK5ik+2lIqlqs/.0;server=akswtt009000029;cloudType=Consumer;environment=Prod_centralus_prod-s01-068-nam-centralus;migrationStage=NotStarted}
{"logTime": "0623/213213", "correlationVector":"K44JHWENaMIEJuh8rb+E/z","action":"Commit Request", "result":"", "context":Item count: 3
Contributing types: Sessions, History}
{"logTime": "0623/213214", "correlationVector":"K44JHWENaMIEJuh8rb+E/z.1","action":"SyncServerConnectionManagerRequest", "result":"SYNC_SERVER_OK", "context":{"environment":"Prod_centralus_prod-s01-068-nam-centralus", "migrationStage":"NotStarted", "server":"akswtt00900000t"}}
{"logTime": "0623/213214", "correlationVector":"K44JHWENaMIEJuh8rb+E/z.2","action":"Commit Response", "result":"Success", "context":Result: Success. cV=K44JHWENaMIEJuh8rb+E/z.0;server=akswtt00900000t;cloudType=Consumer;environment=Prod_centralus_prod-s01-068-nam-centralus;migrationStage=NotStarted}
{"logTime": "0623/213214", "correlationVector":"K44JHWENaMIEJuh8rb+E/z.3","action":"Commit.Sessions", "result":"Success", "context":{"id":"6631eef4-0ce5-4395-b394-0a41a504afbe", "isDeleted":"true", "size":"0", "version":"1750714274813"}}
{"logTime": "0623/213757", "correlationVector":"X45NpiQyXhqd3fDJGKjTEj.1","action":"SyncServerConnectionManagerRequest", "result":"SYNC_SERVER_OK", "context":{"environment":"Prod_centralus_prod-s01-068-nam-centralus", "migrationStage":"NotStarted", "server":"akswtt00900002a"}}
{"logTime": "0623/213757", "correlationVector":"X45NpiQyXhqd3fDJGKjTEj.2","action":"ProcessGetUpdates", "result":"Done", "context":{"dataType":"Encryption Keys", "deleted":"0", "process_failed_to_decrypt":"0", "process_pending_decryption":"0", "process_success":"1", "total":"1"}}
{"logTime": "0623/213757", "correlationVector":"LDgGlMN/Y/Dt5TvzFCT/xV","action":"SyncServerConnectionManagerRequest", "result":"SYNC_SERVER_OK", "context":{"environment":"", "migrationStage":"", "server":""}}
{"logTime": "0623/213757", "correlationVector":"LDgGlMN/Y/Dt5TvzFCT/xV.0","action":"EncryptionKeysFetcher.DownloadKeys:", "result":"Success", "context":Key count: 6, Last key timestamp: 2025-02-19T20:50:47Z}
{"logTime": "0623/213757", "correlationVector":"LDgGlMN/Y/Dt5TvzFCT/xV.1","action":"EncryptionKeysManager::SetEncryptionKeys:", "result":"Success", "context":Key names[6]:[qrT4vTS/md/EQmNc/FCSzKME1RwwjGM79JwxZxFhbQsk4ts1eXMToE0r59I9U/Al+39VyrQgA8AkD9s20OoiRg==][TicDx7ZEKZ/BPiVS1dIGJVBWpTCbgMnB0BqaNAXBjnRUmpvSszDnpGJFmS0jHhYGKEn+/vHW7Vxn1SpaH7z1Gg==][73f33sBDvgeq3Xb7FuY1OUP0H0C5zbXy7mq8vBLYot7Gwl4wfFJhBNb4lXOzdxTP/mOEE7EBGtNFF4YbK0BHKg==][TthB8hzywCsaRz8wqG11YCMOKDLsZs2P2DOzv//uATAy1TtnoN9iCcBGvrnD2r3xVGQieDm0Ii4aoEjiq8Pn8g==][VMAKfStJVbZ6XGnglOFQpvxkuHInrrBqDKPc1NXaismu6qz9wjWIoNQl8im2ASTIzyn87WQ/HZ9GC8yu8qxh+g==][cM6GBXeBqt7JJ6Zq+Rl6Q1q4ybA2F2X/4p4U/zpPbebVSreF88bqVi2GTJodbYf4SuHF3LkYDXJICmsSaFF33g==]}
{"logTime": "0623/213757", "correlationVector":"LDgGlMN/Y/Dt5TvzFCT/xV.2","action":"EncryptionKeysManager::SetEncryptionKeysWithTimestamps:", "result":"Success", "context":Key timestamps[6]:[2021-01-22T09:25:58Z][2022-02-14T19:07:02Z][2023-06-22T17:07:00Z][2024-01-31T20:22:16Z][2024-08-05T19:18:22Z][2025-02-19T20:50:47Z]}
{"logTime": "0623/213757", "correlationVector":"X45NpiQyXhqd3fDJGKjTEj","action":"Initial GetUpdates", "result":"", "context":Reason: NEW_CLIENT. cV=X45NpiQyXhqd3fDJGKjTEj}
{"logTime": "0623/213757", "correlationVector":"X45NpiQyXhqd3fDJGKjTEj.3","action":"GetUpdates Response", "result":"Success", "context":Received 1 update(s). cV=X45NpiQyXhqd3fDJGKjTEj.0;server=akswtt00900002a;cloudType=Consumer;environment=Prod_centralus_prod-s01-068-nam-centralus;migrationStage=NotStarted}
{"logTime": "0623/213757", "correlationVector":"V+LIQgYcVRfp0QlKh9lUt1","action":"Initial GetUpdates", "result":"", "context":Reason: NEWLY_SUPPORTED_DATATYPE. cV=V+LIQgYcVRfp0QlKh9lUt1}
{"logTime": "0623/213758", "correlationVector":"V+LIQgYcVRfp0QlKh9lUt1.1","action":"SyncServerConnectionManagerRequest", "result":"SYNC_SERVER_OK", "context":{"environment":"Prod_centralus_prod-s01-068-nam-centralus", "migrationStage":"NotStarted", "server":"akswtt00900003c"}}
{"logTime": "0623/213758", "correlationVector":"V+LIQgYcVRfp0QlKh9lUt1.2","action":"ProcessGetUpdates", "result":"Done", "context":{"dataType":"Passwords", "deleted":"0", "process_failed_to_decrypt":"0", "process_pending_decryption":"0", "process_success":"9", "total":"9"}}
{"logTime": "0623/213758", "correlationVector":"V+LIQgYcVRfp0QlKh9lUt1.3","action":"GetUpdates Response", "result":"Success", "context":Received 9 update(s). cV=V+LIQgYcVRfp0QlKh9lUt1.0;server=akswtt00900003c;cloudType=Consumer;environment=Prod_centralus_prod-s01-068-nam-centralus;migrationStage=NotStarted}
{"logTime": "0623/213758", "correlationVector":"9R2XiTu2S4Q4og0LGX71W3","action":"Normal GetUpdate request", "result":"", "context":cV=9R2XiTu2S4Q4og0LGX71W3
Nudged types: Sessions, History
Refresh requested types: Bookmarks, Preferences, Passwords, Autofill Profiles, Autofill, Extensions, Sessions, Extension settings, History Delete Directives, Device Info, User Consents, Send Tab To Self, Web Apps, History, Saved Tab Group, WebAuthn Credentials, Collection, Edge E Drop, Edge Hub App Usage, Edge Wallet, Encryption Keys}
{"logTime": "0623/213758", "correlationVector":"9R2XiTu2S4Q4og0LGX71W3.1","action":"SyncServerConnectionManagerRequest", "result":"SYNC_SERVER_OK", "context":{"environment":"Prod_centralus_prod-s01-068-nam-centralus", "migrationStage":"NotStarted", "server":"akswtt00900000k"}}
{"logTime": "0623/213758", "correlationVector":"9R2XiTu2S4Q4og0LGX71W3.2","action":"ProcessGetUpdates", "result":"Done", "context":{"dataType":"Sessions", "deleted":"1", "process_failed_to_decrypt":"0", "process_pending_decryption":"0", "process_success":"3", "total":"3"}}
{"logTime": "0623/213758", "correlationVector":"9R2XiTu2S4Q4og0LGX71W3.3","action":"ProcessGetUpdates", "result":"Done", "context":{"dataType":"History", "deleted":"0", "process_failed_to_decrypt":"0", "process_pending_decryption":"0", "process_success":"3", "total":"3"}}
{"logTime": "0623/213758", "correlationVector":"9R2XiTu2S4Q4og0LGX71W3.4","action":"GetUpdates Response", "result":"Success", "context":Received 6 update(s). cV=9R2XiTu2S4Q4og0LGX71W3.0;server=akswtt00900000k;cloudType=Consumer;environment=Prod_centralus_prod-s01-068-nam-centralus;migrationStage=NotStarted}
{"logTime": "0623/213758", "correlationVector":"cKfEoSb1nq2amX8XALcQKg","action":"Commit Request", "result":"", "context":Item count: 4
Contributing types: Sessions, History}
{"logTime": "0623/213759", "correlationVector":"cKfEoSb1nq2amX8XALcQKg.1","action":"SyncServerConnectionManagerRequest", "result":"SYNC_SERVER_OK", "context":{"environment":"Prod_centralus_prod-s01-068-nam-centralus", "migrationStage":"NotStarted", "server":"akswtt009000015"}}
{"logTime": "0623/213759", "correlationVector":"cKfEoSb1nq2amX8XALcQKg.2","action":"Commit Response", "result":"Success", "context":Result: Success. cV=cKfEoSb1nq2amX8XALcQKg.0;server=akswtt009000015;cloudType=Consumer;environment=Prod_centralus_prod-s01-068-nam-centralus;migrationStage=NotStarted}
{"logTime": "0623/213857", "correlationVector":"qfN7N7DzXurhWP1QGi4VVW","action":"Commit Request", "result":"", "context":Item count: 3
Contributing types: Sessions, History}
{"logTime": "0623/213857", "correlationVector":"qfN7N7DzXurhWP1QGi4VVW.1","action":"SyncServerConnectionManagerRequest", "result":"SYNC_SERVER_OK", "context":{"environment":"Prod_centralus_prod-s01-068-nam-centralus", "migrationStage":"NotStarted", "server":"akswtt00900004h"}}
{"logTime": "0623/213857", "correlationVector":"qfN7N7DzXurhWP1QGi4VVW.2","action":"Commit Response", "result":"Success", "context":Result: Success. cV=qfN7N7DzXurhWP1QGi4VVW.0;server=akswtt00900004h;cloudType=Consumer;environment=Prod_centralus_prod-s01-068-nam-centralus;migrationStage=NotStarted}
{"logTime": "0623/213857", "correlationVector":"qfN7N7DzXurhWP1QGi4VVW.3","action":"Commit.Sessions", "result":"Success", "context":{"id":"81077edc-67ca-4693-bb91-b265351ad171", "isDeleted":"true", "size":"0", "version":"1750714678840"}}
{"logTime": "0623/220834", "correlationVector":"7A1vydJJBhh+17w1jxCArU.1","action":"SyncServerConnectionManagerRequest", "result":"SYNC_SERVER_OK", "context":{"environment":"Prod_centralus_prod-s01-068-nam-centralus", "migrationStage":"NotStarted", "server":"akswtt00900003i"}}
{"logTime": "0623/220834", "correlationVector":"7A1vydJJBhh+17w1jxCArU.2","action":"ProcessGetUpdates", "result":"Done", "context":{"dataType":"Encryption Keys", "deleted":"0", "process_failed_to_decrypt":"0", "process_pending_decryption":"0", "process_success":"1", "total":"1"}}
{"logTime": "0623/220834", "correlationVector":"YmxVc3RI+9LuMNtCdfnWHl","action":"SyncServerConnectionManagerRequest", "result":"SYNC_SERVER_OK", "context":{"environment":"", "migrationStage":"", "server":""}}
{"logTime": "0623/220834", "correlationVector":"YmxVc3RI+9LuMNtCdfnWHl.0","action":"EncryptionKeysFetcher.DownloadKeys:", "result":"Success", "context":Key count: 6, Last key timestamp: 2025-02-19T20:50:47Z}
{"logTime": "0623/220834", "correlationVector":"YmxVc3RI+9LuMNtCdfnWHl.1","action":"EncryptionKeysManager::SetEncryptionKeys:", "result":"Success", "context":Key names[6]:[qrT4vTS/md/EQmNc/FCSzKME1RwwjGM79JwxZxFhbQsk4ts1eXMToE0r59I9U/Al+39VyrQgA8AkD9s20OoiRg==][TicDx7ZEKZ/BPiVS1dIGJVBWpTCbgMnB0BqaNAXBjnRUmpvSszDnpGJFmS0jHhYGKEn+/vHW7Vxn1SpaH7z1Gg==][73f33sBDvgeq3Xb7FuY1OUP0H0C5zbXy7mq8vBLYot7Gwl4wfFJhBNb4lXOzdxTP/mOEE7EBGtNFF4YbK0BHKg==][TthB8hzywCsaRz8wqG11YCMOKDLsZs2P2DOzv//uATAy1TtnoN9iCcBGvrnD2r3xVGQieDm0Ii4aoEjiq8Pn8g==][VMAKfStJVbZ6XGnglOFQpvxkuHInrrBqDKPc1NXaismu6qz9wjWIoNQl8im2ASTIzyn87WQ/HZ9GC8yu8qxh+g==][cM6GBXeBqt7JJ6Zq+Rl6Q1q4ybA2F2X/4p4U/zpPbebVSreF88bqVi2GTJodbYf4SuHF3LkYDXJICmsSaFF33g==]}
{"logTime": "0623/220834", "correlationVector":"YmxVc3RI+9LuMNtCdfnWHl.2","action":"EncryptionKeysManager::SetEncryptionKeysWithTimestamps:", "result":"Success", "context":Key timestamps[6]:[2021-01-22T09:25:58Z][2022-02-14T19:07:02Z][2023-06-22T17:07:00Z][2024-01-31T20:22:16Z][2024-08-05T19:18:22Z][2025-02-19T20:50:47Z]}
{"logTime": "0623/220834", "correlationVector":"7A1vydJJBhh+17w1jxCArU","action":"Initial GetUpdates", "result":"", "context":Reason: NEW_CLIENT. cV=7A1vydJJBhh+17w1jxCArU}
{"logTime": "0623/220834", "correlationVector":"7A1vydJJBhh+17w1jxCArU.3","action":"GetUpdates Response", "result":"Success", "context":Received 1 update(s). cV=7A1vydJJBhh+17w1jxCArU.0;server=akswtt00900003i;cloudType=Consumer;environment=Prod_centralus_prod-s01-068-nam-centralus;migrationStage=NotStarted}
{"logTime": "0623/220834", "correlationVector":"47QAxpg+GISovmCS7jvXlk","action":"Initial GetUpdates", "result":"", "context":Reason: NEWLY_SUPPORTED_DATATYPE. cV=47QAxpg+GISovmCS7jvXlk}
{"logTime": "0623/220835", "correlationVector":"47QAxpg+GISovmCS7jvXlk.1","action":"SyncServerConnectionManagerRequest", "result":"SYNC_SERVER_OK", "context":{"environment":"Prod_centralus_prod-s01-068-nam-centralus", "migrationStage":"NotStarted", "server":"akswtt00900000l"}}
{"logTime": "0623/220835", "correlationVector":"47QAxpg+GISovmCS7jvXlk.2","action":"ProcessGetUpdates", "result":"Done", "context":{"dataType":"Passwords", "deleted":"0", "process_failed_to_decrypt":"0", "process_pending_decryption":"0", "process_success":"9", "total":"9"}}
{"logTime": "0623/220835", "correlationVector":"47QAxpg+GISovmCS7jvXlk.3","action":"GetUpdates Response", "result":"Success", "context":Received 9 update(s). cV=47QAxpg+GISovmCS7jvXlk.0;server=akswtt00900000l;cloudType=Consumer;environment=Prod_centralus_prod-s01-068-nam-centralus;migrationStage=NotStarted}
{"logTime": "0623/220835", "correlationVector":"b6n5fIp8t9jjWFUYGa3Weo","action":"Normal GetUpdate request", "result":"", "context":cV=b6n5fIp8t9jjWFUYGa3Weo
Nudged types: Sessions, History
Refresh requested types: Bookmarks, Preferences, Passwords, Autofill Profiles, Autofill, Extensions, Sessions, Extension settings, History Delete Directives, Device Info, User Consents, Send Tab To Self, Web Apps, History, Saved Tab Group, WebAuthn Credentials, Collection, Edge E Drop, Edge Hub App Usage, Edge Wallet, Encryption Keys}
{"logTime": "0623/220835", "correlationVector":"b6n5fIp8t9jjWFUYGa3Weo.1","action":"SyncServerConnectionManagerRequest", "result":"SYNC_SERVER_OK", "context":{"environment":"Prod_centralus_prod-s01-068-nam-centralus", "migrationStage":"NotStarted", "server":"akswtt00900001k"}}
{"logTime": "0623/220835", "correlationVector":"b6n5fIp8t9jjWFUYGa3Weo.2","action":"ProcessGetUpdates", "result":"Done", "context":{"dataType":"Sessions", "deleted":"1", "process_failed_to_decrypt":"0", "process_pending_decryption":"0", "process_success":"4", "total":"4"}}
{"logTime": "0623/220835", "correlationVector":"b6n5fIp8t9jjWFUYGa3Weo.3","action":"ProcessGetUpdates", "result":"Done", "context":{"dataType":"History", "deleted":"0", "process_failed_to_decrypt":"0", "process_pending_decryption":"0", "process_success":"2", "total":"2"}}
{"logTime": "0623/220835", "correlationVector":"b6n5fIp8t9jjWFUYGa3Weo.4","action":"GetUpdates Response", "result":"Success", "context":Received 6 update(s). cV=b6n5fIp8t9jjWFUYGa3Weo.0;server=akswtt00900001k;cloudType=Consumer;environment=Prod_centralus_prod-s01-068-nam-centralus;migrationStage=NotStarted}
{"logTime": "0623/220835", "correlationVector":"meWUswLmfpG9a+NuhV4VNM","action":"Commit Request", "result":"", "context":Item count: 4
Contributing types: Sessions, History}
{"logTime": "0623/220836", "correlationVector":"meWUswLmfpG9a+NuhV4VNM.1","action":"SyncServerConnectionManagerRequest", "result":"SYNC_SERVER_OK", "context":{"environment":"Prod_centralus_prod-s01-068-nam-centralus", "migrationStage":"NotStarted", "server":"akswtt00900001s"}}
{"logTime": "0623/220836", "correlationVector":"meWUswLmfpG9a+NuhV4VNM.2","action":"Commit Response", "result":"Success", "context":Result: Success. cV=meWUswLmfpG9a+NuhV4VNM.0;server=akswtt00900001s;cloudType=Consumer;environment=Prod_centralus_prod-s01-068-nam-centralus;migrationStage=NotStarted}
{"logTime": "0623/220836", "correlationVector":"meWUswLmfpG9a+NuhV4VNM.3","action":"Commit.Sessions", "result":"Success", "context":{"id":"1528c0ae-a55d-4abc-a383-971f5ea1be48", "isDeleted":"true", "size":"0", "version":"1750714737082"}}
{"logTime": "0623/220933", "correlationVector":"Tn9WoWFsstLxsikw3HOmB3","action":"Commit Request", "result":"", "context":Item count: 2
Contributing types: Sessions, History}
{"logTime": "0623/220934", "correlationVector":"Tn9WoWFsstLxsikw3HOmB3.1","action":"SyncServerConnectionManagerRequest", "result":"SYNC_SERVER_OK", "context":{"environment":"Prod_centralus_prod-s01-068-nam-centralus", "migrationStage":"NotStarted", "server":"akswtt00900002c"}}
{"logTime": "0623/220934", "correlationVector":"Tn9WoWFsstLxsikw3HOmB3.2","action":"Commit Response", "result":"Success", "context":Result: Success. cV=Tn9WoWFsstLxsikw3HOmB3.0;server=akswtt00900002c;cloudType=Consumer;environment=Prod_centralus_prod-s01-068-nam-centralus;migrationStage=NotStarted}
{"logTime": "0623/222226", "correlationVector":"utLbhmZmtnGgZHHtIrwsux.1","action":"SyncServerConnectionManagerRequest", "result":"SYNC_SERVER_OK", "context":{"environment":"Prod_centralus_prod-s01-068-nam-centralus", "migrationStage":"NotStarted", "server":"akswtt009000039"}}
{"logTime": "0623/222226", "correlationVector":"utLbhmZmtnGgZHHtIrwsux.2","action":"ProcessGetUpdates", "result":"Done", "context":{"dataType":"Encryption Keys", "deleted":"0", "process_failed_to_decrypt":"0", "process_pending_decryption":"0", "process_success":"1", "total":"1"}}
{"logTime": "0623/222226", "correlationVector":"KIbISrsMm7C+CkPE7U0pOB","action":"SyncServerConnectionManagerRequest", "result":"SYNC_SERVER_OK", "context":{"environment":"", "migrationStage":"", "server":""}}
{"logTime": "0623/222226", "correlationVector":"KIbISrsMm7C+CkPE7U0pOB.0","action":"EncryptionKeysFetcher.DownloadKeys:", "result":"Success", "context":Key count: 6, Last key timestamp: 2025-02-19T20:50:47Z}
{"logTime": "0623/222226", "correlationVector":"KIbISrsMm7C+CkPE7U0pOB.1","action":"EncryptionKeysManager::SetEncryptionKeys:", "result":"Success", "context":Key names[6]:[qrT4vTS/md/EQmNc/FCSzKME1RwwjGM79JwxZxFhbQsk4ts1eXMToE0r59I9U/Al+39VyrQgA8AkD9s20OoiRg==][TicDx7ZEKZ/BPiVS1dIGJVBWpTCbgMnB0BqaNAXBjnRUmpvSszDnpGJFmS0jHhYGKEn+/vHW7Vxn1SpaH7z1Gg==][73f33sBDvgeq3Xb7FuY1OUP0H0C5zbXy7mq8vBLYot7Gwl4wfFJhBNb4lXOzdxTP/mOEE7EBGtNFF4YbK0BHKg==][TthB8hzywCsaRz8wqG11YCMOKDLsZs2P2DOzv//uATAy1TtnoN9iCcBGvrnD2r3xVGQieDm0Ii4aoEjiq8Pn8g==][VMAKfStJVbZ6XGnglOFQpvxkuHInrrBqDKPc1NXaismu6qz9wjWIoNQl8im2ASTIzyn87WQ/HZ9GC8yu8qxh+g==][cM6GBXeBqt7JJ6Zq+Rl6Q1q4ybA2F2X/4p4U/zpPbebVSreF88bqVi2GTJodbYf4SuHF3LkYDXJICmsSaFF33g==]}
{"logTime": "0623/222226", "correlationVector":"KIbISrsMm7C+CkPE7U0pOB.2","action":"EncryptionKeysManager::SetEncryptionKeysWithTimestamps:", "result":"Success", "context":Key timestamps[6]:[2021-01-22T09:25:58Z][2022-02-14T19:07:02Z][2023-06-22T17:07:00Z][2024-01-31T20:22:16Z][2024-08-05T19:18:22Z][2025-02-19T20:50:47Z]}
{"logTime": "0623/222226", "correlationVector":"utLbhmZmtnGgZHHtIrwsux","action":"Initial GetUpdates", "result":"", "context":Reason: NEW_CLIENT. cV=utLbhmZmtnGgZHHtIrwsux}
{"logTime": "0623/222226", "correlationVector":"utLbhmZmtnGgZHHtIrwsux.3","action":"GetUpdates Response", "result":"Success", "context":Received 1 update(s). cV=utLbhmZmtnGgZHHtIrwsux.0;server=akswtt009000039;cloudType=Consumer;environment=Prod_centralus_prod-s01-068-nam-centralus;migrationStage=NotStarted}
{"logTime": "0623/222226", "correlationVector":"DI+M/sQPJcvBeMfA6fZboY","action":"Initial GetUpdates", "result":"", "context":Reason: NEWLY_SUPPORTED_DATATYPE. cV=DI+M/sQPJcvBeMfA6fZboY}
{"logTime": "0623/222227", "correlationVector":"DI+M/sQPJcvBeMfA6fZboY.1","action":"SyncServerConnectionManagerRequest", "result":"SYNC_SERVER_OK", "context":{"environment":"Prod_centralus_prod-s01-068-nam-centralus", "migrationStage":"NotStarted", "server":"akswtt00900003d"}}
{"logTime": "0623/222227", "correlationVector":"DI+M/sQPJcvBeMfA6fZboY.2","action":"ProcessGetUpdates", "result":"Done", "context":{"dataType":"Passwords", "deleted":"0", "process_failed_to_decrypt":"0", "process_pending_decryption":"0", "process_success":"9", "total":"9"}}
{"logTime": "0623/222227", "correlationVector":"DI+M/sQPJcvBeMfA6fZboY.3","action":"GetUpdates Response", "result":"Success", "context":Received 9 update(s). cV=DI+M/sQPJcvBeMfA6fZboY.0;server=akswtt00900003d;cloudType=Consumer;environment=Prod_centralus_prod-s01-068-nam-centralus;migrationStage=NotStarted}
{"logTime": "0623/222227", "correlationVector":"FkBt9NUhYcGDNGTnrQ/Esh","action":"Normal GetUpdate request", "result":"", "context":cV=FkBt9NUhYcGDNGTnrQ/Esh
Nudged types: Sessions, History
Refresh requested types: Bookmarks, Preferences, Passwords, Autofill Profiles, Autofill, Extensions, Sessions, Extension settings, History Delete Directives, Device Info, User Consents, Send Tab To Self, Web Apps, History, Saved Tab Group, WebAuthn Credentials, Collection, Edge E Drop, Edge Hub App Usage, Edge Wallet, Encryption Keys}
{"logTime": "0623/222227", "correlationVector":"FkBt9NUhYcGDNGTnrQ/Esh.1","action":"SyncServerConnectionManagerRequest", "result":"SYNC_SERVER_OK", "context":{"environment":"Prod_centralus_prod-s01-068-nam-centralus", "migrationStage":"NotStarted", "server":"akswtt00900001e"}}
{"logTime": "0623/222227", "correlationVector":"FkBt9NUhYcGDNGTnrQ/Esh.2","action":"ProcessGetUpdates", "result":"Done", "context":{"dataType":"Sessions", "deleted":"1", "process_failed_to_decrypt":"0", "process_pending_decryption":"0", "process_success":"4", "total":"4"}}
{"logTime": "0623/222227", "correlationVector":"FkBt9NUhYcGDNGTnrQ/Esh.3","action":"ProcessGetUpdates", "result":"Done", "context":{"dataType":"History", "deleted":"0", "process_failed_to_decrypt":"0", "process_pending_decryption":"0", "process_success":"2", "total":"2"}}
{"logTime": "0623/222227", "correlationVector":"FkBt9NUhYcGDNGTnrQ/Esh.4","action":"GetUpdates Response", "result":"Success", "context":Received 6 update(s). cV=FkBt9NUhYcGDNGTnrQ/Esh.0;server=akswtt00900001e;cloudType=Consumer;environment=Prod_centralus_prod-s01-068-nam-centralus;migrationStage=NotStarted}
{"logTime": "0623/222227", "correlationVector":"aKGxowcFf37XPJtyqEX3lN","action":"Commit Request", "result":"", "context":Item count: 4
Contributing types: Sessions, History}
{"logTime": "0623/222228", "correlationVector":"aKGxowcFf37XPJtyqEX3lN.1","action":"SyncServerConnectionManagerRequest", "result":"SYNC_SERVER_OK", "context":{"environment":"Prod_centralus_prod-s01-068-nam-centralus", "migrationStage":"NotStarted", "server":"akswtt00900003h"}}
{"logTime": "0623/222228", "correlationVector":"aKGxowcFf37XPJtyqEX3lN.2","action":"Commit Response", "result":"Success", "context":Result: Success. cV=aKGxowcFf37XPJtyqEX3lN.0;server=akswtt00900003h;cloudType=Consumer;environment=Prod_centralus_prod-s01-068-nam-centralus;migrationStage=NotStarted}
{"logTime": "0623/222326", "correlationVector":"mDwrje+zXib7jypRFrEqk5","action":"Commit Request", "result":"", "context":Item count: 3
Contributing types: Sessions, History}
{"logTime": "0623/222326", "correlationVector":"mDwrje+zXib7jypRFrEqk5.1","action":"SyncServerConnectionManagerRequest", "result":"SYNC_SERVER_OK", "context":{"environment":"Prod_centralus_prod-s01-068-nam-centralus", "migrationStage":"NotStarted", "server":"akswtt00900000w"}}
{"logTime": "0623/222326", "correlationVector":"mDwrje+zXib7jypRFrEqk5.2","action":"Commit Response", "result":"Success", "context":Result: Success. cV=mDwrje+zXib7jypRFrEqk5.0;server=akswtt00900000w;cloudType=Consumer;environment=Prod_centralus_prod-s01-068-nam-centralus;migrationStage=NotStarted}
{"logTime": "0623/222326", "correlationVector":"mDwrje+zXib7jypRFrEqk5.3","action":"Commit.Sessions", "result":"Success", "context":{"id":"3a266d0b-02d0-4a09-b3b7-fea525df00dc", "isDeleted":"true", "size":"0", "version":"1750717347746"}}
{"logTime": "0623/222628", "correlationVector":"OBqBVcYzndTm7Gl75+sIkD","action":"Commit Request", "result":"", "context":Item count: 1
Contributing types: Sessions}
{"logTime": "0623/222629", "correlationVector":"OBqBVcYzndTm7Gl75+sIkD.1","action":"SyncServerConnectionManagerRequest", "result":"SYNC_SERVER_OK", "context":{"environment":"Prod_centralus_prod-s01-068-nam-centralus", "migrationStage":"NotStarted", "server":"akswtt009000026"}}
{"logTime": "0623/222629", "correlationVector":"OBqBVcYzndTm7Gl75+sIkD.2","action":"Commit Response", "result":"Success", "context":Result: Success. cV=OBqBVcYzndTm7Gl75+sIkD.0;server=akswtt009000026;cloudType=Consumer;environment=Prod_centralus_prod-s01-068-nam-centralus;migrationStage=NotStarted}
{"logTime": "0623/223821", "correlationVector":"RtZ8BN+4QgeO2uP397o/Aq.1","action":"SyncServerConnectionManagerRequest", "result":"SYNC_SERVER_OK", "context":{"environment":"Prod_centralus_prod-s01-068-nam-centralus", "migrationStage":"NotStarted", "server":"akswtt00900002w"}}
{"logTime": "0623/223821", "correlationVector":"RtZ8BN+4QgeO2uP397o/Aq.2","action":"ProcessGetUpdates", "result":"Done", "context":{"dataType":"Encryption Keys", "deleted":"0", "process_failed_to_decrypt":"0", "process_pending_decryption":"0", "process_success":"1", "total":"1"}}
{"logTime": "0623/223822", "correlationVector":"zXr/283kcS3TkCHwwau04F","action":"SyncServerConnectionManagerRequest", "result":"SYNC_SERVER_OK", "context":{"environment":"", "migrationStage":"", "server":""}}
{"logTime": "0623/223822", "correlationVector":"zXr/283kcS3TkCHwwau04F.0","action":"EncryptionKeysFetcher.DownloadKeys:", "result":"Success", "context":Key count: 6, Last key timestamp: 2025-02-19T20:50:47Z}
{"logTime": "0623/223822", "correlationVector":"zXr/283kcS3TkCHwwau04F.1","action":"EncryptionKeysManager::SetEncryptionKeys:", "result":"Success", "context":Key names[6]:[qrT4vTS/md/EQmNc/FCSzKME1RwwjGM79JwxZxFhbQsk4ts1eXMToE0r59I9U/Al+39VyrQgA8AkD9s20OoiRg==][TicDx7ZEKZ/BPiVS1dIGJVBWpTCbgMnB0BqaNAXBjnRUmpvSszDnpGJFmS0jHhYGKEn+/vHW7Vxn1SpaH7z1Gg==][73f33sBDvgeq3Xb7FuY1OUP0H0C5zbXy7mq8vBLYot7Gwl4wfFJhBNb4lXOzdxTP/mOEE7EBGtNFF4YbK0BHKg==][TthB8hzywCsaRz8wqG11YCMOKDLsZs2P2DOzv//uATAy1TtnoN9iCcBGvrnD2r3xVGQieDm0Ii4aoEjiq8Pn8g==][VMAKfStJVbZ6XGnglOFQpvxkuHInrrBqDKPc1NXaismu6qz9wjWIoNQl8im2ASTIzyn87WQ/HZ9GC8yu8qxh+g==][cM6GBXeBqt7JJ6Zq+Rl6Q1q4ybA2F2X/4p4U/zpPbebVSreF88bqVi2GTJodbYf4SuHF3LkYDXJICmsSaFF33g==]}
{"logTime": "0623/223822", "correlationVector":"zXr/283kcS3TkCHwwau04F.2","action":"EncryptionKeysManager::SetEncryptionKeysWithTimestamps:", "result":"Success", "context":Key timestamps[6]:[2021-01-22T09:25:58Z][2022-02-14T19:07:02Z][2023-06-22T17:07:00Z][2024-01-31T20:22:16Z][2024-08-05T19:18:22Z][2025-02-19T20:50:47Z]}
{"logTime": "0623/223822", "correlationVector":"RtZ8BN+4QgeO2uP397o/Aq","action":"Initial GetUpdates", "result":"", "context":Reason: NEW_CLIENT. cV=RtZ8BN+4QgeO2uP397o/Aq}
{"logTime": "0623/223822", "correlationVector":"RtZ8BN+4QgeO2uP397o/Aq.3","action":"GetUpdates Response", "result":"Success", "context":Received 1 update(s). cV=RtZ8BN+4QgeO2uP397o/Aq.0;server=akswtt00900002w;cloudType=Consumer;environment=Prod_centralus_prod-s01-068-nam-centralus;migrationStage=NotStarted}
{"logTime": "0623/223822", "correlationVector":"9KUFHPGdQ2PcMUJBmn9LB+","action":"Initial GetUpdates", "result":"", "context":Reason: NEWLY_SUPPORTED_DATATYPE. cV=9KUFHPGdQ2PcMUJBmn9LB+}
{"logTime": "0623/223822", "correlationVector":"9KUFHPGdQ2PcMUJBmn9LB+.1","action":"SyncServerConnectionManagerRequest", "result":"SYNC_SERVER_OK", "context":{"environment":"Prod_centralus_prod-s01-068-nam-centralus", "migrationStage":"NotStarted", "server":"akswtt00900001b"}}
{"logTime": "0623/223822", "correlationVector":"9KUFHPGdQ2PcMUJBmn9LB+.2","action":"ProcessGetUpdates", "result":"Done", "context":{"dataType":"Passwords", "deleted":"0", "process_failed_to_decrypt":"0", "process_pending_decryption":"0", "process_success":"9", "total":"9"}}
{"logTime": "0623/223822", "correlationVector":"9KUFHPGdQ2PcMUJBmn9LB+.3","action":"GetUpdates Response", "result":"Success", "context":Received 9 update(s). cV=9KUFHPGdQ2PcMUJBmn9LB+.0;server=akswtt00900001b;cloudType=Consumer;environment=Prod_centralus_prod-s01-068-nam-centralus;migrationStage=NotStarted}
{"logTime": "0623/223822", "correlationVector":"L0voQSMfi0b10NdGKDdC8J","action":"Normal GetUpdate request", "result":"", "context":cV=L0voQSMfi0b10NdGKDdC8J
Nudged types: Sessions, History
Refresh requested types: Bookmarks, Preferences, Passwords, Autofill Profiles, Autofill, Extensions, Sessions, Extension settings, History Delete Directives, Device Info, User Consents, Send Tab To Self, Web Apps, History, Saved Tab Group, WebAuthn Credentials, Collection, Edge E Drop, Edge Hub App Usage, Edge Wallet, Encryption Keys}
{"logTime": "0623/223822", "correlationVector":"L0voQSMfi0b10NdGKDdC8J.1","action":"SyncServerConnectionManagerRequest", "result":"SYNC_SERVER_OK", "context":{"environment":"Prod_centralus_prod-s01-068-nam-centralus", "migrationStage":"NotStarted", "server":"akswtt00900000j"}}
{"logTime": "0623/223822", "correlationVector":"L0voQSMfi0b10NdGKDdC8J.2","action":"ProcessGetUpdates", "result":"Done", "context":{"dataType":"Sessions", "deleted":"1", "process_failed_to_decrypt":"0", "process_pending_decryption":"0", "process_success":"4", "total":"4"}}
{"logTime": "0623/223822", "correlationVector":"L0voQSMfi0b10NdGKDdC8J.3","action":"ProcessGetUpdates", "result":"Done", "context":{"dataType":"History", "deleted":"0", "process_failed_to_decrypt":"0", "process_pending_decryption":"0", "process_success":"2", "total":"2"}}
{"logTime": "0623/223822", "correlationVector":"L0voQSMfi0b10NdGKDdC8J.4","action":"GetUpdates Response", "result":"Success", "context":Received 6 update(s). cV=L0voQSMfi0b10NdGKDdC8J.0;server=akswtt00900000j;cloudType=Consumer;environment=Prod_centralus_prod-s01-068-nam-centralus;migrationStage=NotStarted}
{"logTime": "0623/223822", "correlationVector":"GHu0jX+6NdjuyoXpFstcFI","action":"Commit Request", "result":"", "context":Item count: 4
Contributing types: Sessions, History}
{"logTime": "0623/223823", "correlationVector":"GHu0jX+6NdjuyoXpFstcFI.1","action":"SyncServerConnectionManagerRequest", "result":"SYNC_SERVER_OK", "context":{"environment":"Prod_centralus_prod-s01-068-nam-centralus", "migrationStage":"NotStarted", "server":"akswtt00900002k"}}
{"logTime": "0623/223823", "correlationVector":"GHu0jX+6NdjuyoXpFstcFI.2","action":"Commit Response", "result":"Success", "context":Result: Success. cV=GHu0jX+6NdjuyoXpFstcFI.0;server=akswtt00900002k;cloudType=Consumer;environment=Prod_centralus_prod-s01-068-nam-centralus;migrationStage=NotStarted}
{"logTime": "0623/224505", "correlationVector":"Y0gnU/D+J0aTm3p/+L8nHv.1","action":"SyncServerConnectionManagerRequest", "result":"SYNC_SERVER_OK", "context":{"environment":"Prod_centralus_prod-s01-068-nam-centralus", "migrationStage":"NotStarted", "server":"akswtt009000006"}}
{"logTime": "0623/224505", "correlationVector":"Y0gnU/D+J0aTm3p/+L8nHv.2","action":"ProcessGetUpdates", "result":"Done", "context":{"dataType":"Encryption Keys", "deleted":"0", "process_failed_to_decrypt":"0", "process_pending_decryption":"0", "process_success":"1", "total":"1"}}
{"logTime": "0623/224505", "correlationVector":"KPZjip6LDfz4MUMcEthzMD","action":"SyncServerConnectionManagerRequest", "result":"SYNC_SERVER_OK", "context":{"environment":"", "migrationStage":"", "server":""}}
{"logTime": "0623/224505", "correlationVector":"KPZjip6LDfz4MUMcEthzMD.0","action":"EncryptionKeysFetcher.DownloadKeys:", "result":"Success", "context":Key count: 6, Last key timestamp: 2025-02-19T20:50:47Z}
{"logTime": "0623/224505", "correlationVector":"KPZjip6LDfz4MUMcEthzMD.1","action":"EncryptionKeysManager::SetEncryptionKeys:", "result":"Success", "context":Key names[6]:[qrT4vTS/md/EQmNc/FCSzKME1RwwjGM79JwxZxFhbQsk4ts1eXMToE0r59I9U/Al+39VyrQgA8AkD9s20OoiRg==][TicDx7ZEKZ/BPiVS1dIGJVBWpTCbgMnB0BqaNAXBjnRUmpvSszDnpGJFmS0jHhYGKEn+/vHW7Vxn1SpaH7z1Gg==][73f33sBDvgeq3Xb7FuY1OUP0H0C5zbXy7mq8vBLYot7Gwl4wfFJhBNb4lXOzdxTP/mOEE7EBGtNFF4YbK0BHKg==][TthB8hzywCsaRz8wqG11YCMOKDLsZs2P2DOzv//uATAy1TtnoN9iCcBGvrnD2r3xVGQieDm0Ii4aoEjiq8Pn8g==][VMAKfStJVbZ6XGnglOFQpvxkuHInrrBqDKPc1NXaismu6qz9wjWIoNQl8im2ASTIzyn87WQ/HZ9GC8yu8qxh+g==][cM6GBXeBqt7JJ6Zq+Rl6Q1q4ybA2F2X/4p4U/zpPbebVSreF88bqVi2GTJodbYf4SuHF3LkYDXJICmsSaFF33g==]}
{"logTime": "0623/224505", "correlationVector":"KPZjip6LDfz4MUMcEthzMD.2","action":"EncryptionKeysManager::SetEncryptionKeysWithTimestamps:", "result":"Success", "context":Key timestamps[6]:[2021-01-22T09:25:58Z][2022-02-14T19:07:02Z][2023-06-22T17:07:00Z][2024-01-31T20:22:16Z][2024-08-05T19:18:22Z][2025-02-19T20:50:47Z]}
{"logTime": "0623/224505", "correlationVector":"Y0gnU/D+J0aTm3p/+L8nHv","action":"Initial GetUpdates", "result":"", "context":Reason: NEW_CLIENT. cV=Y0gnU/D+J0aTm3p/+L8nHv}
{"logTime": "0623/224505", "correlationVector":"Y0gnU/D+J0aTm3p/+L8nHv.3","action":"GetUpdates Response", "result":"Success", "context":Received 1 update(s). cV=Y0gnU/D+J0aTm3p/+L8nHv.0;server=akswtt009000006;cloudType=Consumer;environment=Prod_centralus_prod-s01-068-nam-centralus;migrationStage=NotStarted}
{"logTime": "0623/224505", "correlationVector":"JMDEOtS080nceIzb7D7/Hd","action":"Initial GetUpdates", "result":"", "context":Reason: NEWLY_SUPPORTED_DATATYPE. cV=JMDEOtS080nceIzb7D7/Hd}
{"logTime": "0623/224506", "correlationVector":"JMDEOtS080nceIzb7D7/Hd.1","action":"SyncServerConnectionManagerRequest", "result":"SYNC_SERVER_OK", "context":{"environment":"Prod_centralus_prod-s01-068-nam-centralus", "migrationStage":"NotStarted", "server":"akswtt00900003n"}}
{"logTime": "0623/224506", "correlationVector":"JMDEOtS080nceIzb7D7/Hd.2","action":"ProcessGetUpdates", "result":"Done", "context":{"dataType":"Passwords", "deleted":"0", "process_failed_to_decrypt":"0", "process_pending_decryption":"0", "process_success":"9", "total":"9"}}
{"logTime": "0623/224506", "correlationVector":"JMDEOtS080nceIzb7D7/Hd.3","action":"GetUpdates Response", "result":"Success", "context":Received 9 update(s). cV=JMDEOtS080nceIzb7D7/Hd.0;server=akswtt00900003n;cloudType=Consumer;environment=Prod_centralus_prod-s01-068-nam-centralus;migrationStage=NotStarted}
{"logTime": "0623/224506", "correlationVector":"YKRNPDvltrh4oIMPUSLSlp","action":"Normal GetUpdate request", "result":"", "context":cV=YKRNPDvltrh4oIMPUSLSlp
Nudged types: Sessions, History
Refresh requested types: Bookmarks, Preferences, Passwords, Autofill Profiles, Autofill, Extensions, Sessions, Extension settings, History Delete Directives, Device Info, User Consents, Send Tab To Self, Web Apps, History, Saved Tab Group, WebAuthn Credentials, Collection, Edge E Drop, Edge Hub App Usage, Edge Wallet, Encryption Keys}
{"logTime": "0623/224506", "correlationVector":"YKRNPDvltrh4oIMPUSLSlp.1","action":"SyncServerConnectionManagerRequest", "result":"SYNC_SERVER_OK", "context":{"environment":"Prod_centralus_prod-s01-068-nam-centralus", "migrationStage":"NotStarted", "server":"akswtt00900002x"}}
{"logTime": "0623/224506", "correlationVector":"YKRNPDvltrh4oIMPUSLSlp.2","action":"ProcessGetUpdates", "result":"Done", "context":{"dataType":"Sessions", "deleted":"0", "process_failed_to_decrypt":"0", "process_pending_decryption":"0", "process_success":"3", "total":"3"}}
{"logTime": "0623/224506", "correlationVector":"YKRNPDvltrh4oIMPUSLSlp.3","action":"ProcessGetUpdates", "result":"Done", "context":{"dataType":"History", "deleted":"0", "process_failed_to_decrypt":"0", "process_pending_decryption":"0", "process_success":"1", "total":"1"}}
{"logTime": "0623/224506", "correlationVector":"YKRNPDvltrh4oIMPUSLSlp.4","action":"GetUpdates Response", "result":"Success", "context":Received 4 update(s). cV=YKRNPDvltrh4oIMPUSLSlp.0;server=akswtt00900002x;cloudType=Consumer;environment=Prod_centralus_prod-s01-068-nam-centralus;migrationStage=NotStarted}
{"logTime": "0623/224506", "correlationVector":"Rvo4VtdJ82GnWLbePMU9+O","action":"Commit Request", "result":"", "context":Item count: 4
Contributing types: Sessions, History}
{"logTime": "0623/224507", "correlationVector":"Rvo4VtdJ82GnWLbePMU9+O.1","action":"SyncServerConnectionManagerRequest", "result":"SYNC_SERVER_OK", "context":{"environment":"Prod_centralus_prod-s01-068-nam-centralus", "migrationStage":"NotStarted", "server":"akswtt00900000z"}}
{"logTime": "0623/224507", "correlationVector":"Rvo4VtdJ82GnWLbePMU9+O.2","action":"Commit Response", "result":"Success", "context":Result: Success. cV=Rvo4VtdJ82GnWLbePMU9+O.0;server=akswtt00900000z;cloudType=Consumer;environment=Prod_centralus_prod-s01-068-nam-centralus;migrationStage=NotStarted}
{"logTime": "0623/224604", "correlationVector":"PFuqfOafjHxh2pN14gozQO","action":"Commit Request", "result":"", "context":Item count: 3
Contributing types: Sessions, History}
{"logTime": "0623/224605", "correlationVector":"PFuqfOafjHxh2pN14gozQO.1","action":"SyncServerConnectionManagerRequest", "result":"SYNC_SERVER_OK", "context":{"environment":"Prod_centralus_prod-s01-068-nam-centralus", "migrationStage":"NotStarted", "server":"akswtt00900001u"}}
{"logTime": "0623/224605", "correlationVector":"PFuqfOafjHxh2pN14gozQO.2","action":"Commit Response", "result":"Success", "context":Result: Success. cV=PFuqfOafjHxh2pN14gozQO.0;server=akswtt00900001u;cloudType=Consumer;environment=Prod_centralus_prod-s01-068-nam-centralus;migrationStage=NotStarted}
{"logTime": "0623/224605", "correlationVector":"PFuqfOafjHxh2pN14gozQO.3","action":"Commit.Sessions", "result":"Success", "context":{"id":"8b1c25d7-1312-4d11-9c75-7a6e27c2847e", "isDeleted":"true", "size":"0", "version":"1750718706556"}}
{"logTime": "0623/224708", "correlationVector":"hLQSfZR953eCgrqVQchWKd","action":"Commit Request", "result":"", "context":Item count: 1
Contributing types: Sessions}
{"logTime": "0623/224709", "correlationVector":"hLQSfZR953eCgrqVQchWKd.1","action":"SyncServerConnectionManagerRequest", "result":"SYNC_SERVER_OK", "context":{"environment":"Prod_centralus_prod-s01-068-nam-centralus", "migrationStage":"NotStarted", "server":"akswtt00900004f"}}
{"logTime": "0623/224709", "correlationVector":"hLQSfZR953eCgrqVQchWKd.2","action":"Commit Response", "result":"Success", "context":Result: Success. cV=hLQSfZR953eCgrqVQchWKd.0;server=akswtt00900004f;cloudType=Consumer;environment=Prod_centralus_prod-s01-068-nam-centralus;migrationStage=NotStarted}
{"logTime": "0623/231340", "correlationVector":"f3rFKQtcshQgCAdtnK+D2J.1","action":"SyncServerConnectionManagerRequest", "result":"SYNC_SERVER_OK", "context":{"environment":"Prod_centralus_prod-s01-068-nam-centralus", "migrationStage":"NotStarted", "server":"akswtt009000049"}}
{"logTime": "0623/231340", "correlationVector":"f3rFKQtcshQgCAdtnK+D2J.2","action":"ProcessGetUpdates", "result":"Done", "context":{"dataType":"Encryption Keys", "deleted":"0", "process_failed_to_decrypt":"0", "process_pending_decryption":"0", "process_success":"1", "total":"1"}}
{"logTime": "0623/231340", "correlationVector":"1lKMG/JLwWrO2+YFvMVyA7","action":"SyncServerConnectionManagerRequest", "result":"SYNC_SERVER_OK", "context":{"environment":"", "migrationStage":"", "server":""}}
{"logTime": "0623/231340", "correlationVector":"1lKMG/JLwWrO2+YFvMVyA7.0","action":"EncryptionKeysFetcher.DownloadKeys:", "result":"Success", "context":Key count: 6, Last key timestamp: 2025-02-19T20:50:47Z}
{"logTime": "0623/231340", "correlationVector":"1lKMG/JLwWrO2+YFvMVyA7.1","action":"EncryptionKeysManager::SetEncryptionKeys:", "result":"Success", "context":Key names[6]:[qrT4vTS/md/EQmNc/FCSzKME1RwwjGM79JwxZxFhbQsk4ts1eXMToE0r59I9U/Al+39VyrQgA8AkD9s20OoiRg==][TicDx7ZEKZ/BPiVS1dIGJVBWpTCbgMnB0BqaNAXBjnRUmpvSszDnpGJFmS0jHhYGKEn+/vHW7Vxn1SpaH7z1Gg==][73f33sBDvgeq3Xb7FuY1OUP0H0C5zbXy7mq8vBLYot7Gwl4wfFJhBNb4lXOzdxTP/mOEE7EBGtNFF4YbK0BHKg==][TthB8hzywCsaRz8wqG11YCMOKDLsZs2P2DOzv//uATAy1TtnoN9iCcBGvrnD2r3xVGQieDm0Ii4aoEjiq8Pn8g==][VMAKfStJVbZ6XGnglOFQpvxkuHInrrBqDKPc1NXaismu6qz9wjWIoNQl8im2ASTIzyn87WQ/HZ9GC8yu8qxh+g==][cM6GBXeBqt7JJ6Zq+Rl6Q1q4ybA2F2X/4p4U/zpPbebVSreF88bqVi2GTJodbYf4SuHF3LkYDXJICmsSaFF33g==]}
{"logTime": "0623/231340", "correlationVector":"1lKMG/JLwWrO2+YFvMVyA7.2","action":"EncryptionKeysManager::SetEncryptionKeysWithTimestamps:", "result":"Success", "context":Key timestamps[6]:[2021-01-22T09:25:58Z][2022-02-14T19:07:02Z][2023-06-22T17:07:00Z][2024-01-31T20:22:16Z][2024-08-05T19:18:22Z][2025-02-19T20:50:47Z]}
{"logTime": "0623/231340", "correlationVector":"f3rFKQtcshQgCAdtnK+D2J","action":"Initial GetUpdates", "result":"", "context":Reason: NEW_CLIENT. cV=f3rFKQtcshQgCAdtnK+D2J}
{"logTime": "0623/231340", "correlationVector":"f3rFKQtcshQgCAdtnK+D2J.3","action":"GetUpdates Response", "result":"Success", "context":Received 1 update(s). cV=f3rFKQtcshQgCAdtnK+D2J.0;server=akswtt009000049;cloudType=Consumer;environment=Prod_centralus_prod-s01-068-nam-centralus;migrationStage=NotStarted}
{"logTime": "0623/231340", "correlationVector":"rBXJOLWf/KC41fftaZ9mGA","action":"Initial GetUpdates", "result":"", "context":Reason: NEWLY_SUPPORTED_DATATYPE. cV=rBXJOLWf/KC41fftaZ9mGA}
{"logTime": "0623/231341", "correlationVector":"rBXJOLWf/KC41fftaZ9mGA.1","action":"SyncServerConnectionManagerRequest", "result":"SYNC_SERVER_OK", "context":{"environment":"Prod_centralus_prod-s01-068-nam-centralus", "migrationStage":"NotStarted", "server":"akswtt00900003c"}}
{"logTime": "0623/231341", "correlationVector":"rBXJOLWf/KC41fftaZ9mGA.2","action":"ProcessGetUpdates", "result":"Done", "context":{"dataType":"Passwords", "deleted":"0", "process_failed_to_decrypt":"0", "process_pending_decryption":"0", "process_success":"9", "total":"9"}}
{"logTime": "0623/231341", "correlationVector":"rBXJOLWf/KC41fftaZ9mGA.3","action":"GetUpdates Response", "result":"Success", "context":Received 9 update(s). cV=rBXJOLWf/KC41fftaZ9mGA.0;server=akswtt00900003c;cloudType=Consumer;environment=Prod_centralus_prod-s01-068-nam-centralus;migrationStage=NotStarted}
{"logTime": "0623/231341", "correlationVector":"KYESNBsXpM5RbvxoIf6WR2","action":"Normal GetUpdate request", "result":"", "context":cV=KYESNBsXpM5RbvxoIf6WR2
Nudged types: Sessions, History
Refresh requested types: Bookmarks, Preferences, Passwords, Autofill Profiles, Autofill, Extensions, Sessions, Extension settings, History Delete Directives, Device Info, User Consents, Send Tab To Self, Web Apps, History, Saved Tab Group, WebAuthn Credentials, Collection, Edge E Drop, Edge Hub App Usage, Edge Wallet, Encryption Keys}
{"logTime": "0623/231341", "correlationVector":"KYESNBsXpM5RbvxoIf6WR2.1","action":"SyncServerConnectionManagerRequest", "result":"SYNC_SERVER_OK", "context":{"environment":"Prod_centralus_prod-s01-068-nam-centralus", "migrationStage":"NotStarted", "server":"akswtt009000035"}}
{"logTime": "0623/231341", "correlationVector":"KYESNBsXpM5RbvxoIf6WR2.2","action":"ProcessGetUpdates", "result":"Done", "context":{"dataType":"Sessions", "deleted":"1", "process_failed_to_decrypt":"0", "process_pending_decryption":"0", "process_success":"4", "total":"4"}}
{"logTime": "0623/231341", "correlationVector":"KYESNBsXpM5RbvxoIf6WR2.3","action":"ProcessGetUpdates", "result":"Done", "context":{"dataType":"History", "deleted":"0", "process_failed_to_decrypt":"0", "process_pending_decryption":"0", "process_success":"2", "total":"2"}}
{"logTime": "0623/231341", "correlationVector":"KYESNBsXpM5RbvxoIf6WR2.4","action":"GetUpdates Response", "result":"Success", "context":Received 6 update(s). cV=KYESNBsXpM5RbvxoIf6WR2.0;server=akswtt009000035;cloudType=Consumer;environment=Prod_centralus_prod-s01-068-nam-centralus;migrationStage=NotStarted}
{"logTime": "0623/231341", "correlationVector":"/Ie6MgoiQI/CUgD+7yu1Wv","action":"Commit Request", "result":"", "context":Item count: 4
Contributing types: Sessions, History}
{"logTime": "0623/231342", "correlationVector":"/Ie6MgoiQI/CUgD+7yu1Wv.1","action":"SyncServerConnectionManagerRequest", "result":"SYNC_SERVER_OK", "context":{"environment":"Prod_centralus_prod-s01-068-nam-centralus", "migrationStage":"NotStarted", "server":"akswtt00900001w"}}
{"logTime": "0623/231342", "correlationVector":"/Ie6MgoiQI/CUgD+7yu1Wv.2","action":"Commit Response", "result":"Success", "context":Result: Success. cV=/Ie6MgoiQI/CUgD+7yu1Wv.0;server=akswtt00900001w;cloudType=Consumer;environment=Prod_centralus_prod-s01-068-nam-centralus;migrationStage=NotStarted}
{"logTime": "0623/231342", "correlationVector":"/Ie6MgoiQI/CUgD+7yu1Wv.3","action":"Commit.Sessions", "result":"Success", "context":{"id":"38ed07ad-78fa-4409-8574-b1f309961687", "isDeleted":"true", "size":"0", "version":"1750718828428"}}
{"logTime": "0623/231440", "correlationVector":"2joyEZDdBo0Tknf9WIVs9L","action":"Commit Request", "result":"", "context":Item count: 2
Contributing types: Sessions, History}
{"logTime": "0623/231440", "correlationVector":"2joyEZDdBo0Tknf9WIVs9L.1","action":"SyncServerConnectionManagerRequest", "result":"SYNC_SERVER_OK", "context":{"environment":"Prod_centralus_prod-s01-068-nam-centralus", "migrationStage":"NotStarted", "server":"akswtt00900000y"}}
{"logTime": "0623/231440", "correlationVector":"2joyEZDdBo0Tknf9WIVs9L.2","action":"Commit Response", "result":"Success", "context":Result: Success. cV=2joyEZDdBo0Tknf9WIVs9L.0;server=akswtt00900000y;cloudType=Consumer;environment=Prod_centralus_prod-s01-068-nam-centralus;migrationStage=NotStarted}
{"logTime": "0623/232104", "correlationVector":"thKBfr3LQqagsGJsjFYsL5.1","action":"SyncServerConnectionManagerRequest", "result":"SYNC_SERVER_OK", "context":{"environment":"Prod_centralus_prod-s01-068-nam-centralus", "migrationStage":"NotStarted", "server":"akswtt00900003c"}}
{"logTime": "0623/232104", "correlationVector":"thKBfr3LQqagsGJsjFYsL5.2","action":"ProcessGetUpdates", "result":"Done", "context":{"dataType":"Encryption Keys", "deleted":"0", "process_failed_to_decrypt":"0", "process_pending_decryption":"0", "process_success":"1", "total":"1"}}
{"logTime": "0623/232104", "correlationVector":"hOXVQ1kvBRjgjFx/OrDqke","action":"SyncServerConnectionManagerRequest", "result":"SYNC_SERVER_OK", "context":{"environment":"", "migrationStage":"", "server":""}}
{"logTime": "0623/232104", "correlationVector":"hOXVQ1kvBRjgjFx/OrDqke.0","action":"EncryptionKeysFetcher.DownloadKeys:", "result":"Success", "context":Key count: 6, Last key timestamp: 2025-02-19T20:50:47Z}
{"logTime": "0623/232104", "correlationVector":"hOXVQ1kvBRjgjFx/OrDqke.1","action":"EncryptionKeysManager::SetEncryptionKeys:", "result":"Success", "context":Key names[6]:[qrT4vTS/md/EQmNc/FCSzKME1RwwjGM79JwxZxFhbQsk4ts1eXMToE0r59I9U/Al+39VyrQgA8AkD9s20OoiRg==][TicDx7ZEKZ/BPiVS1dIGJVBWpTCbgMnB0BqaNAXBjnRUmpvSszDnpGJFmS0jHhYGKEn+/vHW7Vxn1SpaH7z1Gg==][73f33sBDvgeq3Xb7FuY1OUP0H0C5zbXy7mq8vBLYot7Gwl4wfFJhBNb4lXOzdxTP/mOEE7EBGtNFF4YbK0BHKg==][TthB8hzywCsaRz8wqG11YCMOKDLsZs2P2DOzv//uATAy1TtnoN9iCcBGvrnD2r3xVGQieDm0Ii4aoEjiq8Pn8g==][VMAKfStJVbZ6XGnglOFQpvxkuHInrrBqDKPc1NXaismu6qz9wjWIoNQl8im2ASTIzyn87WQ/HZ9GC8yu8qxh+g==][cM6GBXeBqt7JJ6Zq+Rl6Q1q4ybA2F2X/4p4U/zpPbebVSreF88bqVi2GTJodbYf4SuHF3LkYDXJICmsSaFF33g==]}
{"logTime": "0623/232104", "correlationVector":"hOXVQ1kvBRjgjFx/OrDqke.2","action":"EncryptionKeysManager::SetEncryptionKeysWithTimestamps:", "result":"Success", "context":Key timestamps[6]:[2021-01-22T09:25:58Z][2022-02-14T19:07:02Z][2023-06-22T17:07:00Z][2024-01-31T20:22:16Z][2024-08-05T19:18:22Z][2025-02-19T20:50:47Z]}
{"logTime": "0623/232104", "correlationVector":"thKBfr3LQqagsGJsjFYsL5","action":"Initial GetUpdates", "result":"", "context":Reason: NEW_CLIENT. cV=thKBfr3LQqagsGJsjFYsL5}
{"logTime": "0623/232104", "correlationVector":"thKBfr3LQqagsGJsjFYsL5.3","action":"GetUpdates Response", "result":"Success", "context":Received 1 update(s). cV=thKBfr3LQqagsGJsjFYsL5.0;server=akswtt00900003c;cloudType=Consumer;environment=Prod_centralus_prod-s01-068-nam-centralus;migrationStage=NotStarted}
{"logTime": "0623/232104", "correlationVector":"vStXNaykG8ahcvtLLKLprs","action":"Initial GetUpdates", "result":"", "context":Reason: NEWLY_SUPPORTED_DATATYPE. cV=vStXNaykG8ahcvtLLKLprs}
{"logTime": "0623/232105", "correlationVector":"vStXNaykG8ahcvtLLKLprs.1","action":"SyncServerConnectionManagerRequest", "result":"SYNC_SERVER_OK", "context":{"environment":"Prod_centralus_prod-s01-068-nam-centralus", "migrationStage":"NotStarted", "server":"akswtt00900001y"}}
{"logTime": "0623/232105", "correlationVector":"vStXNaykG8ahcvtLLKLprs.2","action":"ProcessGetUpdates", "result":"Done", "context":{"dataType":"Passwords", "deleted":"0", "process_failed_to_decrypt":"0", "process_pending_decryption":"0", "process_success":"9", "total":"9"}}
{"logTime": "0623/232105", "correlationVector":"vStXNaykG8ahcvtLLKLprs.3","action":"GetUpdates Response", "result":"Success", "context":Received 9 update(s). cV=vStXNaykG8ahcvtLLKLprs.0;server=akswtt00900001y;cloudType=Consumer;environment=Prod_centralus_prod-s01-068-nam-centralus;migrationStage=NotStarted}
{"logTime": "0623/232105", "correlationVector":"+YNweb9VKA/J5VCR1JwfcK","action":"Normal GetUpdate request", "result":"", "context":cV=+YNweb9VKA/J5VCR1JwfcK
Nudged types: Sessions, History
Refresh requested types: Bookmarks, Preferences, Passwords, Autofill Profiles, Autofill, Extensions, Sessions, Extension settings, History Delete Directives, Device Info, User Consents, Send Tab To Self, Web Apps, History, Saved Tab Group, WebAuthn Credentials, Collection, Edge E Drop, Edge Hub App Usage, Edge Wallet, Encryption Keys}
{"logTime": "0623/232105", "correlationVector":"+YNweb9VKA/J5VCR1JwfcK.1","action":"SyncServerConnectionManagerRequest", "result":"SYNC_SERVER_OK", "context":{"environment":"Prod_centralus_prod-s01-068-nam-centralus", "migrationStage":"NotStarted", "server":"akswtt00900003e"}}
{"logTime": "0623/232105", "correlationVector":"+YNweb9VKA/J5VCR1JwfcK.2","action":"ProcessGetUpdates", "result":"Done", "context":{"dataType":"Sessions", "deleted":"1", "process_failed_to_decrypt":"0", "process_pending_decryption":"0", "process_success":"4", "total":"4"}}
{"logTime": "0623/232105", "correlationVector":"+YNweb9VKA/J5VCR1JwfcK.3","action":"ProcessGetUpdates", "result":"Done", "context":{"dataType":"History", "deleted":"0", "process_failed_to_decrypt":"0", "process_pending_decryption":"0", "process_success":"2", "total":"2"}}
{"logTime": "0623/232105", "correlationVector":"+YNweb9VKA/J5VCR1JwfcK.4","action":"GetUpdates Response", "result":"Success", "context":Received 6 update(s). cV=+YNweb9VKA/J5VCR1JwfcK.0;server=akswtt00900003e;cloudType=Consumer;environment=Prod_centralus_prod-s01-068-nam-centralus;migrationStage=NotStarted}
{"logTime": "0623/232105", "correlationVector":"YQtfkXejKuamtkTP/ZbXeK","action":"Commit Request", "result":"", "context":Item count: 4
Contributing types: Sessions, History}
{"logTime": "0623/232106", "correlationVector":"YQtfkXejKuamtkTP/ZbXeK.1","action":"SyncServerConnectionManagerRequest", "result":"SYNC_SERVER_OK", "context":{"environment":"Prod_centralus_prod-s01-068-nam-centralus", "migrationStage":"NotStarted", "server":"akswtt00900000u"}}
{"logTime": "0623/232106", "correlationVector":"YQtfkXejKuamtkTP/ZbXeK.2","action":"Commit Response", "result":"Success", "context":Result: Success. cV=YQtfkXejKuamtkTP/ZbXeK.0;server=akswtt00900000u;cloudType=Consumer;environment=Prod_centralus_prod-s01-068-nam-centralus;migrationStage=NotStarted}
{"logTime": "0623/232106", "correlationVector":"YQtfkXejKuamtkTP/ZbXeK.3","action":"Commit.Sessions", "result":"Success", "context":{"id":"a240756b-84f2-4c84-b779-4d6851c4ec63", "isDeleted":"true", "size":"0", "version":"1750720480085"}}
{"logTime": "0623/232203", "correlationVector":"vZCg+l/pCxPA1bPIFiLqwE","action":"Commit Request", "result":"", "context":Item count: 2
Contributing types: Sessions, History}
{"logTime": "0623/232204", "correlationVector":"vZCg+l/pCxPA1bPIFiLqwE.1","action":"SyncServerConnectionManagerRequest", "result":"SYNC_SERVER_OK", "context":{"environment":"Prod_centralus_prod-s01-068-nam-centralus", "migrationStage":"NotStarted", "server":"akswtt009000015"}}
{"logTime": "0623/232204", "correlationVector":"vZCg+l/pCxPA1bPIFiLqwE.2","action":"Commit Response", "result":"Success", "context":Result: Success. cV=vZCg+l/pCxPA1bPIFiLqwE.0;server=akswtt009000015;cloudType=Consumer;environment=Prod_centralus_prod-s01-068-nam-centralus;migrationStage=NotStarted}
{"logTime": "0626/225202", "correlationVector":"mgASR9w6ksNRAw62/Us7CQ","action":"Poll GetUpdate request", "result":"", "context":cV=mgASR9w6ksNRAw62/Us7CQ}
{"logTime": "0626/225206", "correlationVector":"mgASR9w6ksNRAw62/Us7CQ","action":"SyncServerConnectionManagerRequest", "result":"CONNECTION_UNAVAILABLE", "context":{"error_type":"net_error_code", "error_value":"-106"}}
{"logTime": "0626/225206", "correlationVector":"d1nwjazwo29LT7AN9YjI2g.0","action":"GetUpdates Response", "result":"Network error (ERR_INTERNET_DISCONNECTED)", "context":Received error: Network error (ERR_INTERNET_DISCONNECTED). }
{"logTime": "0626/225206", "correlationVector":"d1nwjazwo29LT7AN9YjI2g.0","action":"SyncServerConnectionManagerRequest", "result":"CONNECTION_UNAVAILABLE", "context":{"error_type":"net_error_code", "error_value":"-106"}}
{"logTime": "0626/225212", "correlationVector":"9N5FYdkgC6iwgAIa+D8LAt","action":"Commit Request", "result":"", "context":Item count: 1
Contributing types: Device Info}
{"logTime": "0626/225213", "correlationVector":"9N5FYdkgC6iwgAIa+D8LAt","action":"SyncServerConnectionManagerRequest", "result":"CONNECTION_UNAVAILABLE", "context":{"error_type":"net_error_code", "error_value":"-105"}}
{"logTime": "0626/225213", "correlationVector":"LTA1fUO2vTPu6fns9aUpC1.0","action":"Commit Response", "result":"Network error (ERR_NAME_NOT_RESOLVED)", "context":Result: Network error (ERR_NAME_NOT_RESOLVED). }
{"logTime": "0626/225215", "correlationVector":"CcqoeQ4yXTn/jT6qioQfS7","action":"Commit Request", "result":"", "context":Item count: 1
Contributing types: Device Info}
{"logTime": "0626/225220", "correlationVector":"CcqoeQ4yXTn/jT6qioQfS7.1","action":"SyncServerConnectionManagerRequest", "result":"SYNC_AUTH_ERROR", "context":{"environment":"Prod_centralus_prod-s01-068-nam-centralus", "migrationStage":"NotStarted", "server":"akswtt00900003y"}}
{"logTime": "0626/225220", "correlationVector":"CcqoeQ4yXTn/jT6qioQfS7.2","action":"Commit Response", "result":"HTTP error (401)", "context":Result: HTTP error (401). cV=CcqoeQ4yXTn/jT6qioQfS7.0;server=akswtt00900003y;cloudType=Undetermined;environment=Prod_centralus_prod-s01-068-nam-centralus;migrationStage=NotStarted}
{"logTime": "0626/225222", "correlationVector":"MRnCGK5wLEwJCkCeyhbRJU","action":"Commit Request", "result":"", "context":Item count: 1
Contributing types: Device Info}
{"logTime": "0626/225224", "correlationVector":"MRnCGK5wLEwJCkCeyhbRJU.1","action":"SyncServerConnectionManagerRequest", "result":"SYNC_SERVER_OK", "context":{"environment":"Prod_centralus_prod-s01-068-nam-centralus", "migrationStage":"NotStarted", "server":"akswtt009000032"}}
{"logTime": "0626/225224", "correlationVector":"MRnCGK5wLEwJCkCeyhbRJU.2","action":"Commit Response", "result":"Success", "context":Result: Success. cV=MRnCGK5wLEwJCkCeyhbRJU.0;server=akswtt009000032;cloudType=Consumer;environment=Prod_centralus_prod-s01-068-nam-centralus;migrationStage=NotStarted}
{"logTime": "0626/225224", "correlationVector":"YOOP4CZvQ/GR4d2bYm1Q2X","action":"Poll GetUpdate request", "result":"", "context":cV=YOOP4CZvQ/GR4d2bYm1Q2X}
{"logTime": "0626/225224", "correlationVector":"YOOP4CZvQ/GR4d2bYm1Q2X.1","action":"SyncServerConnectionManagerRequest", "result":"SYNC_SERVER_OK", "context":{"environment":"Prod_centralus_prod-s01-068-nam-centralus", "migrationStage":"NotStarted", "server":"akswtt00900003s"}}
{"logTime": "0626/225224", "correlationVector":"YOOP4CZvQ/GR4d2bYm1Q2X.2","action":"ProcessGetUpdates", "result":"Done", "context":{"dataType":"Sessions", "deleted":"1", "process_failed_to_decrypt":"0", "process_pending_decryption":"0", "process_success":"4", "total":"4"}}
{"logTime": "0626/225224", "correlationVector":"YOOP4CZvQ/GR4d2bYm1Q2X.3","action":"ProcessGetUpdates", "result":"Done", "context":{"dataType":"Device Info", "deleted":"0", "process_failed_to_decrypt":"0", "process_pending_decryption":"0", "process_success":"2", "total":"2"}}
{"logTime": "0626/225224", "correlationVector":"YOOP4CZvQ/GR4d2bYm1Q2X.4","action":"ProcessGetUpdates", "result":"Done", "context":{"dataType":"History", "deleted":"0", "process_failed_to_decrypt":"0", "process_pending_decryption":"0", "process_success":"2", "total":"2"}}
{"logTime": "0626/225224", "correlationVector":"YOOP4CZvQ/GR4d2bYm1Q2X.5","action":"GetUpdates Response", "result":"Success", "context":Received 8 update(s). cV=YOOP4CZvQ/GR4d2bYm1Q2X.0;server=akswtt00900003s;cloudType=Consumer;environment=Prod_centralus_prod-s01-068-nam-centralus;migrationStage=NotStarted}
{"logTime": "0626/225224", "correlationVector":"xc/9JgXvCspGytsahzf4o1","action":"SyncServerConnectionManagerRequest", "result":"SYNC_SERVER_OK", "context":{"environment":"", "migrationStage":"", "server":""}}
{"logTime": "0626/225224", "correlationVector":"xc/9JgXvCspGytsahzf4o1.0","action":"EncryptionKeysFetcher.DownloadKeys:", "result":"Success", "context":Key count: 6, Last key timestamp: 2025-02-19T20:50:47Z}
{"logTime": "0626/225224", "correlationVector":"xc/9JgXvCspGytsahzf4o1.1","action":"EncryptionKeysManager::SetEncryptionKeys:", "result":"Success", "context":Key names[6]:[qrT4vTS/md/EQmNc/FCSzKME1RwwjGM79JwxZxFhbQsk4ts1eXMToE0r59I9U/Al+39VyrQgA8AkD9s20OoiRg==][TicDx7ZEKZ/BPiVS1dIGJVBWpTCbgMnB0BqaNAXBjnRUmpvSszDnpGJFmS0jHhYGKEn+/vHW7Vxn1SpaH7z1Gg==][73f33sBDvgeq3Xb7FuY1OUP0H0C5zbXy7mq8vBLYot7Gwl4wfFJhBNb4lXOzdxTP/mOEE7EBGtNFF4YbK0BHKg==][TthB8hzywCsaRz8wqG11YCMOKDLsZs2P2DOzv//uATAy1TtnoN9iCcBGvrnD2r3xVGQieDm0Ii4aoEjiq8Pn8g==][VMAKfStJVbZ6XGnglOFQpvxkuHInrrBqDKPc1NXaismu6qz9wjWIoNQl8im2ASTIzyn87WQ/HZ9GC8yu8qxh+g==][cM6GBXeBqt7JJ6Zq+Rl6Q1q4ybA2F2X/4p4U/zpPbebVSreF88bqVi2GTJodbYf4SuHF3LkYDXJICmsSaFF33g==]}
{"logTime": "0626/225224", "correlationVector":"xc/9JgXvCspGytsahzf4o1.2","action":"EncryptionKeysManager::SetEncryptionKeysWithTimestamps:", "result":"Success", "context":Key timestamps[6]:[2021-01-22T09:25:58Z][2022-02-14T19:07:02Z][2023-06-22T17:07:00Z][2024-01-31T20:22:16Z][2024-08-05T19:18:22Z][2025-02-19T20:50:47Z]}
{"logTime": "0626/225225", "correlationVector":"FvpA3ZWqQOrS4XDNtNu3SN","action":"Normal GetUpdate request", "result":"", "context":cV=FvpA3ZWqQOrS4XDNtNu3SN
Notified types: Device Info}
{"logTime": "0626/225225", "correlationVector":"FvpA3ZWqQOrS4XDNtNu3SN.1","action":"SyncServerConnectionManagerRequest", "result":"SYNC_SERVER_OK", "context":{"environment":"Prod_centralus_prod-s01-068-nam-centralus", "migrationStage":"NotStarted", "server":"akswtt009000002"}}
{"logTime": "0626/225225", "correlationVector":"FvpA3ZWqQOrS4XDNtNu3SN.2","action":"GetUpdates Response", "result":"Success", "context":Received 0 update(s). cV=FvpA3ZWqQOrS4XDNtNu3SN.0;server=akswtt009000002;cloudType=Consumer;environment=Prod_centralus_prod-s01-068-nam-centralus;migrationStage=NotStarted}
{"logTime": "0701/022644", "correlationVector":"zWwdTKEg/t5HUIZPqnFFp6","action":"Poll GetUpdate request", "result":"", "context":cV=zWwdTKEg/t5HUIZPqnFFp6}
{"logTime": "0701/022646", "correlationVector":"zWwdTKEg/t5HUIZPqnFFp6","action":"SyncServerConnectionManagerRequest", "result":"CONNECTION_UNAVAILABLE", "context":{"error_type":"net_error_code", "error_value":"-106"}}
{"logTime": "0701/022646", "correlationVector":"Qqi1NIdlrZRMA6U/sXalEN.0","action":"GetUpdates Response", "result":"Network error (ERR_INTERNET_DISCONNECTED)", "context":Received error: Network error (ERR_INTERNET_DISCONNECTED). }
{"logTime": "0701/022646", "correlationVector":"Qqi1NIdlrZRMA6U/sXalEN.0","action":"SyncServerConnectionManagerRequest", "result":"CONNECTION_UNAVAILABLE", "context":{"error_type":"net_error_code", "error_value":"-106"}}
{"logTime": "0703/204730", "correlationVector":"aE+NdwbJoZZOhq/lGHOoSl","action":"Commit Request", "result":"", "context":Item count: 1
Contributing types: Device Info}
{"logTime": "0703/204731", "correlationVector":"aE+NdwbJoZZOhq/lGHOoSl","action":"SyncServerConnectionManagerRequest", "result":"CONNECTION_UNAVAILABLE", "context":{"error_type":"net_error_code", "error_value":"-106"}}
{"logTime": "0703/204731", "correlationVector":"HOvwDfdpE+rrFNUhAzScPv.0","action":"Commit Response", "result":"Network error (ERR_INTERNET_DISCONNECTED)", "context":Result: Network error (ERR_INTERNET_DISCONNECTED). }
{"logTime": "0703/204736", "correlationVector":"poEvPxNyyLNnYe0ssRw9sK","action":"Commit Request", "result":"", "context":Item count: 1
Contributing types: Device Info}
{"logTime": "0703/204736", "correlationVector":"poEvPxNyyLNnYe0ssRw9sK.1","action":"SyncServerConnectionManagerRequest", "result":"SYNC_AUTH_ERROR", "context":{"environment":"Prod_centralus_prod-s01-068-nam-centralus", "migrationStage":"NotStarted", "server":"akswtt00900000c"}}
{"logTime": "0703/204736", "correlationVector":"poEvPxNyyLNnYe0ssRw9sK.2","action":"Commit Response", "result":"HTTP error (401)", "context":Result: HTTP error (401). cV=poEvPxNyyLNnYe0ssRw9sK.0;server=akswtt00900000c;cloudType=Undetermined;environment=Prod_centralus_prod-s01-068-nam-centralus;migrationStage=NotStarted}
{"logTime": "0703/204738", "correlationVector":"yPlv9KOlK9Vo8r+bUpcs1g","action":"Commit Request", "result":"", "context":Item count: 1
Contributing types: Device Info}
{"logTime": "0703/204739", "correlationVector":"yPlv9KOlK9Vo8r+bUpcs1g.1","action":"SyncServerConnectionManagerRequest", "result":"SYNC_SERVER_OK", "context":{"environment":"Prod_centralus_prod-s01-068-nam-centralus", "migrationStage":"NotStarted", "server":"akswtt009000007"}}
{"logTime": "0703/204739", "correlationVector":"yPlv9KOlK9Vo8r+bUpcs1g.2","action":"Commit Response", "result":"Success", "context":Result: Success. cV=yPlv9KOlK9Vo8r+bUpcs1g.0;server=akswtt009000007;cloudType=Consumer;environment=Prod_centralus_prod-s01-068-nam-centralus;migrationStage=NotStarted}
{"logTime": "0703/204739", "correlationVector":"QGnTIrxkLpuMPYrI+/PcZp","action":"ValidateEncryptionKeys", "result":"No old key", "context":Passwords[9]: Type key is OK}
{"logTime": "0703/204739", "correlationVector":"QGnTIrxkLpuMPYrI+/PcZp.0","action":"ValidateEncryptionKeys", "result":"No old key", "context":Autofill Profiles[7]: Type key is OK}
{"logTime": "0703/204739", "correlationVector":"QGnTIrxkLpuMPYrI+/PcZp.1","action":"ValidateEncryptionKeys", "result":"No old key", "context":Autofill[33]: Type key is OK}
{"logTime": "0703/204739", "correlationVector":"QGnTIrxkLpuMPYrI+/PcZp.2","action":"ValidateEncryptionKeys", "result":"No mitigation", "context":Nigori: [cM6GBXeBqt7JJ6Zq+Rl6Q1q4ybA2F2X/4p4U/zpPbebVSreF88bqVi2GTJodbYf4SuHF3LkYDXJICmsSaFF33g==:1739998253249]}
{"logTime": "0703/204739", "correlationVector":"SIjqkZJDGWhomocYvtKx//","action":"Poll GetUpdate request", "result":"", "context":cV=SIjqkZJDGWhomocYvtKx//}
{"logTime": "0703/204740", "correlationVector":"SIjqkZJDGWhomocYvtKx//.1","action":"SyncServerConnectionManagerRequest", "result":"SYNC_SERVER_OK", "context":{"environment":"Prod_centralus_prod-s01-068-nam-centralus", "migrationStage":"NotStarted", "server":"akswtt00900001b"}}
{"logTime": "0703/204740", "correlationVector":"SIjqkZJDGWhomocYvtKx//.2","action":"ProcessGetUpdates", "result":"Done", "context":{"dataType":"Device Info", "deleted":"0", "process_failed_to_decrypt":"0", "process_pending_decryption":"0", "process_success":"2", "total":"2"}}
{"logTime": "0703/204740", "correlationVector":"SIjqkZJDGWhomocYvtKx//.3","action":"GetUpdates Response", "result":"Success", "context":Received 2 update(s). cV=SIjqkZJDGWhomocYvtKx//.0;server=akswtt00900001b;cloudType=Consumer;environment=Prod_centralus_prod-s01-068-nam-centralus;migrationStage=NotStarted}
{"logTime": "0703/204740", "correlationVector":"uIv7ZTV+CA6TcAGlqVXCak","action":"DoCompareDataConsistency requsted types: ", "result":"Bookmarks, Preferences, Passwords, Extensions, Extension settings, History Delete Directives, Send Tab To Self, Web Apps, History, Saved Tab Group, WebAuthn Credentials, Collection, Edge E Drop, Edge Wallet, Encryption Keys"}
{"logTime": "0703/204740", "correlationVector":"uIv7ZTV+CA6TcAGlqVXCak.0","action":"CompareDataConsistency result: ", "result":"Compare result: Encryption Keys is consistent. local entities count is: 1 local entities hash is: uNGDkwe8nA38OSt2Mz8tQJOTk40="}
{"logTime": "0703/204740", "correlationVector":"uIv7ZTV+CA6TcAGlqVXCak.1","action":"CompareDataConsistency result: ", "result":"Compare result: Bookmarks is consistent. local entities count is: 0 local entities hash is: "}
{"logTime": "0703/204740", "correlationVector":"uIv7ZTV+CA6TcAGlqVXCak.2","action":"CompareDataConsistency result: ", "result":"Compare result: Preferences is consistent. local entities count is: 63 local entities hash is: sPfEWKN91V5rhewVgkzvsvp94JU="}
{"logTime": "0703/204740", "correlationVector":"uIv7ZTV+CA6TcAGlqVXCak.3","action":"CompareDataConsistency result: ", "result":"Compare result: Extensions is consistent. local entities count is: 0 local entities hash is: "}
{"logTime": "0703/204740", "correlationVector":"uIv7ZTV+CA6TcAGlqVXCak.4","action":"CompareDataConsistency result: ", "result":"Compare result: Extension settings is consistent. local entities count is: 0 local entities hash is: "}
{"logTime": "0703/204740", "correlationVector":"uIv7ZTV+CA6TcAGlqVXCak.5","action":"CompareDataConsistency result: ", "result":"Compare result: History Delete Directives is consistent. local entities count is: 0 local entities hash is: "}
{"logTime": "0703/204740", "correlationVector":"uIv7ZTV+CA6TcAGlqVXCak.6","action":"CompareDataConsistency result: ", "result":"Server did not send this Send Tab To Self local entities count is: 0 local entities hash is: "}
{"logTime": "0703/204740", "correlationVector":"uIv7ZTV+CA6TcAGlqVXCak.7","action":"CompareDataConsistency result: ", "result":"Compare result: Web Apps is consistent. local entities count is: 0 local entities hash is: "}
{"logTime": "0703/204740", "correlationVector":"uIv7ZTV+CA6TcAGlqVXCak.8","action":"CompareDataConsistency result: ", "result":"Server did not send this History local entities count is: 0 local entities hash is: "}
{"logTime": "0703/204740", "correlationVector":"uIv7ZTV+CA6TcAGlqVXCak.9","action":"CompareDataConsistency result: ", "result":"Compare result: Saved Tab Group is consistent. local entities count is: 0 local entities hash is: "}
{"logTime": "0703/204740", "correlationVector":"uIv7ZTV+CA6TcAGlqVXCak.10","action":"CompareDataConsistency result: ", "result":"Server did not send this WebAuthn Credentials local entities count is: 0 local entities hash is: "}
{"logTime": "0703/204740", "correlationVector":"uIv7ZTV+CA6TcAGlqVXCak.11","action":"CompareDataConsistency result: ", "result":"Compare result: Collection is consistent. local entities count is: 0 local entities hash is: "}
{"logTime": "0703/204740", "correlationVector":"uIv7ZTV+CA6TcAGlqVXCak.12","action":"CompareDataConsistency result: ", "result":"Compare result: Edge E Drop is consistent. local entities count is: 0 local entities hash is: "}
{"logTime": "0703/204740", "correlationVector":"uIv7ZTV+CA6TcAGlqVXCak.13","action":"CompareDataConsistency result: ", "result":"Compare result: Edge Wallet is consistent. local entities count is: 0 local entities hash is: "}
{"logTime": "0703/204740", "correlationVector":"uIv7ZTV+CA6TcAGlqVXCak.14","action":"CompareDataConsistency result: ", "result":"Compare result: Passwords is consistent. local entities count is: 9 local entities hash is: /6Q+yaRff1nJwpuBYGscKqArcFc="}
{"logTime": "0703/204740", "correlationVector":"uIv7ZTV+CA6TcAGlqVXCak.15","action":"SyncServerConnectionManagerRequest", "result":"SYNC_SERVER_OK", "context":{"environment":"", "migrationStage":"", "server":""}}
{"logTime": "0703/204740", "correlationVector":"uIv7ZTV+CA6TcAGlqVXCak.16","action":"EncryptionKeysFetcher.DownloadKeys:", "result":"Success", "context":Key count: 6, Last key timestamp: 2025-02-19T20:50:47Z}
{"logTime": "0703/204740", "correlationVector":"uIv7ZTV+CA6TcAGlqVXCak.17","action":"EncryptionKeysManager::SetEncryptionKeys:", "result":"Success", "context":Key names[6]:[qrT4vTS/md/EQmNc/FCSzKME1RwwjGM79JwxZxFhbQsk4ts1eXMToE0r59I9U/Al+39VyrQgA8AkD9s20OoiRg==][TicDx7ZEKZ/BPiVS1dIGJVBWpTCbgMnB0BqaNAXBjnRUmpvSszDnpGJFmS0jHhYGKEn+/vHW7Vxn1SpaH7z1Gg==][73f33sBDvgeq3Xb7FuY1OUP0H0C5zbXy7mq8vBLYot7Gwl4wfFJhBNb4lXOzdxTP/mOEE7EBGtNFF4YbK0BHKg==][TthB8hzywCsaRz8wqG11YCMOKDLsZs2P2DOzv//uATAy1TtnoN9iCcBGvrnD2r3xVGQieDm0Ii4aoEjiq8Pn8g==][VMAKfStJVbZ6XGnglOFQpvxkuHInrrBqDKPc1NXaismu6qz9wjWIoNQl8im2ASTIzyn87WQ/HZ9GC8yu8qxh+g==][cM6GBXeBqt7JJ6Zq+Rl6Q1q4ybA2F2X/4p4U/zpPbebVSreF88bqVi2GTJodbYf4SuHF3LkYDXJICmsSaFF33g==]}
{"logTime": "0703/204740", "correlationVector":"uIv7ZTV+CA6TcAGlqVXCak.18","action":"EncryptionKeysManager::SetEncryptionKeysWithTimestamps:", "result":"Success", "context":Key timestamps[6]:[2021-01-22T09:25:58Z][2022-02-14T19:07:02Z][2023-06-22T17:07:00Z][2024-01-31T20:22:16Z][2024-08-05T19:18:22Z][2025-02-19T20:50:47Z]}
{"logTime": "0703/204740", "correlationVector":"","action":"DIAGNOSTIC_REQUEST|v1/diagnosticData/Diagnostic.SendCheckResult()|SUCCESS", "result":""}
{"logTime": "0703/204741", "correlationVector":"LT02FDD4ZTTdCTC8qtnW6i","action":"Normal GetUpdate request", "result":"", "context":cV=LT02FDD4ZTTdCTC8qtnW6i
Notified types: Device Info}
{"logTime": "0703/204741", "correlationVector":"LT02FDD4ZTTdCTC8qtnW6i.1","action":"SyncServerConnectionManagerRequest", "result":"SYNC_SERVER_OK", "context":{"environment":"Prod_centralus_prod-s01-068-nam-centralus", "migrationStage":"NotStarted", "server":"akswtt00900002d"}}
{"logTime": "0703/204741", "correlationVector":"LT02FDD4ZTTdCTC8qtnW6i.2","action":"GetUpdates Response", "result":"Success", "context":Received 0 update(s). cV=LT02FDD4ZTTdCTC8qtnW6i.0;server=akswtt00900002d;cloudType=Consumer;environment=Prod_centralus_prod-s01-068-nam-centralus;migrationStage=NotStarted}
{"logTime": "0703/204746", "correlationVector":"YycAZI608mJjjC0HY7KHlo","action":"Commit Request", "result":"", "context":Item count: 1
Contributing types: Device Info}
{"logTime": "0703/204747", "correlationVector":"YycAZI608mJjjC0HY7KHlo.1","action":"SyncServerConnectionManagerRequest", "result":"SYNC_SERVER_OK", "context":{"environment":"Prod_centralus_prod-s01-068-nam-centralus", "migrationStage":"NotStarted", "server":"akswtt00900004a"}}
{"logTime": "0703/204747", "correlationVector":"YycAZI608mJjjC0HY7KHlo.2","action":"Commit Response", "result":"Success", "context":Result: Success. cV=YycAZI608mJjjC0HY7KHlo.0;server=akswtt00900004a;cloudType=Consumer;environment=Prod_centralus_prod-s01-068-nam-centralus;migrationStage=NotStarted}
{"logTime": "0703/204748", "correlationVector":"rvxUCBpAwAv/LT+IBSXEyD","action":"Normal GetUpdate request", "result":"", "context":cV=rvxUCBpAwAv/LT+IBSXEyD
Notified types: Device Info}
{"logTime": "0703/204748", "correlationVector":"rvxUCBpAwAv/LT+IBSXEyD.1","action":"SyncServerConnectionManagerRequest", "result":"SYNC_SERVER_OK", "context":{"environment":"Prod_centralus_prod-s01-068-nam-centralus", "migrationStage":"NotStarted", "server":"akswtt009000011"}}
{"logTime": "0703/204748", "correlationVector":"rvxUCBpAwAv/LT+IBSXEyD.2","action":"ProcessGetUpdates", "result":"Done", "context":{"dataType":"Device Info", "deleted":"0", "process_failed_to_decrypt":"0", "process_pending_decryption":"0", "process_success":"2", "total":"2"}}
{"logTime": "0703/204748", "correlationVector":"rvxUCBpAwAv/LT+IBSXEyD.3","action":"GetUpdates Response", "result":"Success", "context":Received 2 update(s). cV=rvxUCBpAwAv/LT+IBSXEyD.0;server=akswtt009000011;cloudType=Consumer;environment=Prod_centralus_prod-s01-068-nam-centralus;migrationStage=NotStarted}
{"logTime": "0703/204748", "correlationVector":"0BDxs1xASqYeftu0Eqmme+","action":"Commit Request", "result":"", "context":Item count: 1
Contributing types: Device Info}
{"logTime": "0703/204749", "correlationVector":"0BDxs1xASqYeftu0Eqmme+.1","action":"SyncServerConnectionManagerRequest", "result":"SYNC_SERVER_OK", "context":{"environment":"Prod_centralus_prod-s01-068-nam-centralus", "migrationStage":"NotStarted", "server":"akswtt009000003"}}
{"logTime": "0703/204749", "correlationVector":"0BDxs1xASqYeftu0Eqmme+.2","action":"Commit Response", "result":"Success", "context":Result: Success. cV=0BDxs1xASqYeftu0Eqmme+.0;server=akswtt009000003;cloudType=Consumer;environment=Prod_centralus_prod-s01-068-nam-centralus;migrationStage=NotStarted}
{"logTime": "0703/204750", "correlationVector":"/ihqzdVmvNjbI+bQDp0gMr","action":"Normal GetUpdate request", "result":"", "context":cV=/ihqzdVmvNjbI+bQDp0gMr
Notified types: Device Info}
{"logTime": "0703/204750", "correlationVector":"/ihqzdVmvNjbI+bQDp0gMr.1","action":"SyncServerConnectionManagerRequest", "result":"SYNC_SERVER_OK", "context":{"environment":"Prod_centralus_prod-s01-068-nam-centralus", "migrationStage":"NotStarted", "server":"akswtt009000028"}}
{"logTime": "0703/204750", "correlationVector":"/ihqzdVmvNjbI+bQDp0gMr.2","action":"ProcessGetUpdates", "result":"Done", "context":{"dataType":"Device Info", "deleted":"0", "process_failed_to_decrypt":"0", "process_pending_decryption":"0", "process_success":"2", "total":"2"}}
{"logTime": "0703/204750", "correlationVector":"/ihqzdVmvNjbI+bQDp0gMr.3","action":"GetUpdates Response", "result":"Success", "context":Received 2 update(s). cV=/ihqzdVmvNjbI+bQDp0gMr.0;server=akswtt009000028;cloudType=Consumer;environment=Prod_centralus_prod-s01-068-nam-centralus;migrationStage=NotStarted}
{"logTime": "0703/205512", "correlationVector":"kftTXVL7OEl5tGPlWuH2F7.1","action":"SyncServerConnectionManagerRequest", "result":"SYNC_SERVER_OK", "context":{"environment":"Prod_centralus_prod-s01-068-nam-centralus", "migrationStage":"NotStarted", "server":"akswtt009000012"}}
{"logTime": "0703/205512", "correlationVector":"kftTXVL7OEl5tGPlWuH2F7.2","action":"ProcessGetUpdates", "result":"Done", "context":{"dataType":"Encryption Keys", "deleted":"0", "process_failed_to_decrypt":"0", "process_pending_decryption":"0", "process_success":"1", "total":"1"}}
{"logTime": "0703/205512", "correlationVector":"Swm+JNruoAjvZq4QYEo4D7","action":"SyncServerConnectionManagerRequest", "result":"SYNC_SERVER_OK", "context":{"environment":"", "migrationStage":"", "server":""}}
{"logTime": "0703/205512", "correlationVector":"Swm+JNruoAjvZq4QYEo4D7.0","action":"EncryptionKeysFetcher.DownloadKeys:", "result":"Success", "context":Key count: 6, Last key timestamp: 2025-02-19T20:50:47Z}
{"logTime": "0703/205512", "correlationVector":"Swm+JNruoAjvZq4QYEo4D7.1","action":"EncryptionKeysManager::SetEncryptionKeys:", "result":"Success", "context":Key names[6]:[qrT4vTS/md/EQmNc/FCSzKME1RwwjGM79JwxZxFhbQsk4ts1eXMToE0r59I9U/Al+39VyrQgA8AkD9s20OoiRg==][TicDx7ZEKZ/BPiVS1dIGJVBWpTCbgMnB0BqaNAXBjnRUmpvSszDnpGJFmS0jHhYGKEn+/vHW7Vxn1SpaH7z1Gg==][73f33sBDvgeq3Xb7FuY1OUP0H0C5zbXy7mq8vBLYot7Gwl4wfFJhBNb4lXOzdxTP/mOEE7EBGtNFF4YbK0BHKg==][TthB8hzywCsaRz8wqG11YCMOKDLsZs2P2DOzv//uATAy1TtnoN9iCcBGvrnD2r3xVGQieDm0Ii4aoEjiq8Pn8g==][VMAKfStJVbZ6XGnglOFQpvxkuHInrrBqDKPc1NXaismu6qz9wjWIoNQl8im2ASTIzyn87WQ/HZ9GC8yu8qxh+g==][cM6GBXeBqt7JJ6Zq+Rl6Q1q4ybA2F2X/4p4U/zpPbebVSreF88bqVi2GTJodbYf4SuHF3LkYDXJICmsSaFF33g==]}
{"logTime": "0703/205512", "correlationVector":"Swm+JNruoAjvZq4QYEo4D7.2","action":"EncryptionKeysManager::SetEncryptionKeysWithTimestamps:", "result":"Success", "context":Key timestamps[6]:[2021-01-22T09:25:58Z][2022-02-14T19:07:02Z][2023-06-22T17:07:00Z][2024-01-31T20:22:16Z][2024-08-05T19:18:22Z][2025-02-19T20:50:47Z]}
{"logTime": "0703/205512", "correlationVector":"kftTXVL7OEl5tGPlWuH2F7","action":"Initial GetUpdates", "result":"", "context":Reason: NEW_CLIENT. cV=kftTXVL7OEl5tGPlWuH2F7}
{"logTime": "0703/205512", "correlationVector":"kftTXVL7OEl5tGPlWuH2F7.3","action":"GetUpdates Response", "result":"Success", "context":Received 1 update(s). cV=kftTXVL7OEl5tGPlWuH2F7.0;server=akswtt009000012;cloudType=Consumer;environment=Prod_centralus_prod-s01-068-nam-centralus;migrationStage=NotStarted}
{"logTime": "0703/205512", "correlationVector":"SqxUt4qBwdeP4O4NWEqtrY","action":"Initial GetUpdates", "result":"", "context":Reason: NEWLY_SUPPORTED_DATATYPE. cV=SqxUt4qBwdeP4O4NWEqtrY}
{"logTime": "0703/205513", "correlationVector":"SqxUt4qBwdeP4O4NWEqtrY.1","action":"SyncServerConnectionManagerRequest", "result":"SYNC_SERVER_OK", "context":{"environment":"Prod_centralus_prod-s01-068-nam-centralus", "migrationStage":"NotStarted", "server":"akswtt009000006"}}
{"logTime": "0703/205513", "correlationVector":"SqxUt4qBwdeP4O4NWEqtrY.2","action":"ProcessGetUpdates", "result":"Done", "context":{"dataType":"Passwords", "deleted":"0", "process_failed_to_decrypt":"0", "process_pending_decryption":"0", "process_success":"9", "total":"9"}}
{"logTime": "0703/205513", "correlationVector":"SqxUt4qBwdeP4O4NWEqtrY.3","action":"GetUpdates Response", "result":"Success", "context":Received 9 update(s). cV=SqxUt4qBwdeP4O4NWEqtrY.0;server=akswtt009000006;cloudType=Consumer;environment=Prod_centralus_prod-s01-068-nam-centralus;migrationStage=NotStarted}
{"logTime": "0703/205513", "correlationVector":"/S9kzznT7/9COJxVACPmqm","action":"Normal GetUpdate request", "result":"", "context":cV=/S9kzznT7/9COJxVACPmqm
Nudged types: Sessions, Device Info, History
Refresh requested types: Bookmarks, Preferences, Passwords, Autofill Profiles, Autofill, Extensions, Sessions, Extension settings, History Delete Directives, Device Info, User Consents, Send Tab To Self, Web Apps, History, Saved Tab Group, WebAuthn Credentials, Collection, Edge E Drop, Edge Hub App Usage, Edge Wallet, Encryption Keys}
{"logTime": "0703/205513", "correlationVector":"/S9kzznT7/9COJxVACPmqm.1","action":"SyncServerConnectionManagerRequest", "result":"SYNC_SERVER_OK", "context":{"environment":"Prod_centralus_prod-s01-068-nam-centralus", "migrationStage":"NotStarted", "server":"akswtt00900005e"}}
{"logTime": "0703/205513", "correlationVector":"/S9kzznT7/9COJxVACPmqm.2","action":"ProcessGetUpdates", "result":"Done", "context":{"dataType":"Sessions", "deleted":"0", "process_failed_to_decrypt":"0", "process_pending_decryption":"0", "process_success":"1", "total":"1"}}
{"logTime": "0703/205513", "correlationVector":"/S9kzznT7/9COJxVACPmqm.3","action":"ProcessGetUpdates", "result":"Done", "context":{"dataType":"Edge Hub App Usage", "deleted":"0", "process_failed_to_decrypt":"0", "process_pending_decryption":"0", "process_success":"1", "total":"1"}}
{"logTime": "0703/205513", "correlationVector":"/S9kzznT7/9COJxVACPmqm.4","action":"GetUpdates Response", "result":"Success", "context":Received 2 update(s). cV=/S9kzznT7/9COJxVACPmqm.0;server=akswtt00900005e;cloudType=Consumer;environment=Prod_centralus_prod-s01-068-nam-centralus;migrationStage=NotStarted}
{"logTime": "0703/205513", "correlationVector":"ynA380XHf+CZckIdFjm0GE","action":"Commit Request", "result":"", "context":Item count: 5
Contributing types: Sessions, Device Info, History}
{"logTime": "0703/205514", "correlationVector":"ynA380XHf+CZckIdFjm0GE.1","action":"SyncServerConnectionManagerRequest", "result":"SYNC_SERVER_OK", "context":{"environment":"Prod_centralus_prod-s01-068-nam-centralus", "migrationStage":"NotStarted", "server":"akswtt009000026"}}
{"logTime": "0703/205514", "correlationVector":"ynA380XHf+CZckIdFjm0GE.2","action":"Commit Response", "result":"Success", "context":Result: Success. cV=ynA380XHf+CZckIdFjm0GE.0;server=akswtt009000026;cloudType=Consumer;environment=Prod_centralus_prod-s01-068-nam-centralus;migrationStage=NotStarted}
{"logTime": "0703/205530", "correlationVector":"gU95jx/F7Ed4VmfL395x84","action":"Commit Request", "result":"", "context":Item count: 9
Contributing types: Sessions, History, Edge Hub App Usage}
{"logTime": "0703/205531", "correlationVector":"gU95jx/F7Ed4VmfL395x84.1","action":"SyncServerConnectionManagerRequest", "result":"SYNC_SERVER_OK", "context":{"environment":"Prod_centralus_prod-s01-068-nam-centralus", "migrationStage":"NotStarted", "server":"akswtt00900001p"}}
{"logTime": "0703/205531", "correlationVector":"gU95jx/F7Ed4VmfL395x84.2","action":"Commit Response", "result":"Success", "context":Result: Success. cV=gU95jx/F7Ed4VmfL395x84.0;server=akswtt00900001p;cloudType=Consumer;environment=Prod_centralus_prod-s01-068-nam-centralus;migrationStage=NotStarted}
{"logTime": "0703/205531", "correlationVector":"gU95jx/F7Ed4VmfL395x84.3","action":"Commit.Sessions", "result":"Success", "context":{"id":"43ade491-963c-429e-a636-c87d00a9ae9b", "isDeleted":"true", "size":"0", "version":"1751576104165"}}
{"logTime": "0703/205531", "correlationVector":"gU95jx/F7Ed4VmfL395x84.4","action":"Commit.Edge Hub App Usage", "result":"Success", "context":{"id":"b701d621-ab46-4e2d-82af-50a34addc441", "isDeleted":"true", "size":"0", "version":"1743778212794"}}
{"logTime": "0703/205531", "correlationVector":"gU95jx/F7Ed4VmfL395x84.5","action":"Commit.Edge Hub App Usage", "result":"Success", "context":{"id":"e8992712-d553-413e-b538-dd7b5d9ca46e", "isDeleted":"true", "size":"0", "version":"1743778152790"}}
{"logTime": "0703/205531", "correlationVector":"gU95jx/F7Ed4VmfL395x84.6","action":"Commit.Edge Hub App Usage", "result":"Success", "context":{"id":"7363276d-78f6-4b17-b15d-0e7c9f4305f9", "isDeleted":"true", "size":"0", "version":"1743779205845"}}
{"logTime": "0703/205531", "correlationVector":"gU95jx/F7Ed4VmfL395x84.7","action":"Commit.Edge Hub App Usage", "result":"Success", "context":{"id":"fdf45bc3-e330-4630-b157-4f985c2b44ae", "isDeleted":"true", "size":"0", "version":"1743778088216"}}
{"logTime": "0703/205531", "correlationVector":"gU95jx/F7Ed4VmfL395x84.8","action":"Commit.Edge Hub App Usage", "result":"Success", "context":{"id":"1097b756-ac71-460f-862b-0a6a88c8e95f", "isDeleted":"true", "size":"0", "version":"1743778757638"}}
{"logTime": "0703/205541", "correlationVector":"4JWHWbKDO33PVrxTL46wrO","action":"Commit Request", "result":"", "context":Item count: 2
Contributing types: Preferences, History}
{"logTime": "0703/205542", "correlationVector":"4JWHWbKDO33PVrxTL46wrO.1","action":"SyncServerConnectionManagerRequest", "result":"SYNC_SERVER_OK", "context":{"environment":"Prod_centralus_prod-s01-068-nam-centralus", "migrationStage":"NotStarted", "server":"akswtt00900004h"}}
{"logTime": "0703/205542", "correlationVector":"4JWHWbKDO33PVrxTL46wrO.2","action":"Commit Response", "result":"Success", "context":Result: Success. cV=4JWHWbKDO33PVrxTL46wrO.0;server=akswtt00900004h;cloudType=Consumer;environment=Prod_centralus_prod-s01-068-nam-centralus;migrationStage=NotStarted}
{"logTime": "0703/205731", "correlationVector":"j4L3QVyedlD/kRaNCzG2/P","action":"Commit Request", "result":"", "context":Item count: 1
Contributing types: Sessions}
{"logTime": "0703/205732", "correlationVector":"j4L3QVyedlD/kRaNCzG2/P.1","action":"SyncServerConnectionManagerRequest", "result":"SYNC_SERVER_OK", "context":{"environment":"Prod_centralus_prod-s01-068-nam-centralus", "migrationStage":"NotStarted", "server":"akswtt009000006"}}
{"logTime": "0703/205732", "correlationVector":"j4L3QVyedlD/kRaNCzG2/P.2","action":"Commit Response", "result":"Success", "context":Result: Success. cV=j4L3QVyedlD/kRaNCzG2/P.0;server=akswtt009000006;cloudType=Consumer;environment=Prod_centralus_prod-s01-068-nam-centralus;migrationStage=NotStarted}
{"logTime": "0703/211320", "correlationVector":"XuPcvk8Vl1J10XLcIx/H0b.1","action":"SyncServerConnectionManagerRequest", "result":"SYNC_SERVER_OK", "context":{"environment":"Prod_centralus_prod-s01-068-nam-centralus", "migrationStage":"NotStarted", "server":"akswtt00900001q"}}
{"logTime": "0703/211320", "correlationVector":"XuPcvk8Vl1J10XLcIx/H0b.2","action":"ProcessGetUpdates", "result":"Done", "context":{"dataType":"Encryption Keys", "deleted":"0", "process_failed_to_decrypt":"0", "process_pending_decryption":"0", "process_success":"1", "total":"1"}}
{"logTime": "0703/211320", "correlationVector":"io3ojADhtxcu9rgdU+PDPI","action":"SyncServerConnectionManagerRequest", "result":"SYNC_SERVER_OK", "context":{"environment":"", "migrationStage":"", "server":""}}
{"logTime": "0703/211320", "correlationVector":"io3ojADhtxcu9rgdU+PDPI.0","action":"EncryptionKeysFetcher.DownloadKeys:", "result":"Success", "context":Key count: 6, Last key timestamp: 2025-02-19T20:50:47Z}
{"logTime": "0703/211320", "correlationVector":"io3ojADhtxcu9rgdU+PDPI.1","action":"EncryptionKeysManager::SetEncryptionKeys:", "result":"Success", "context":Key names[6]:[qrT4vTS/md/EQmNc/FCSzKME1RwwjGM79JwxZxFhbQsk4ts1eXMToE0r59I9U/Al+39VyrQgA8AkD9s20OoiRg==][TicDx7ZEKZ/BPiVS1dIGJVBWpTCbgMnB0BqaNAXBjnRUmpvSszDnpGJFmS0jHhYGKEn+/vHW7Vxn1SpaH7z1Gg==][73f33sBDvgeq3Xb7FuY1OUP0H0C5zbXy7mq8vBLYot7Gwl4wfFJhBNb4lXOzdxTP/mOEE7EBGtNFF4YbK0BHKg==][TthB8hzywCsaRz8wqG11YCMOKDLsZs2P2DOzv//uATAy1TtnoN9iCcBGvrnD2r3xVGQieDm0Ii4aoEjiq8Pn8g==][VMAKfStJVbZ6XGnglOFQpvxkuHInrrBqDKPc1NXaismu6qz9wjWIoNQl8im2ASTIzyn87WQ/HZ9GC8yu8qxh+g==][cM6GBXeBqt7JJ6Zq+Rl6Q1q4ybA2F2X/4p4U/zpPbebVSreF88bqVi2GTJodbYf4SuHF3LkYDXJICmsSaFF33g==]}
{"logTime": "0703/211320", "correlationVector":"io3ojADhtxcu9rgdU+PDPI.2","action":"EncryptionKeysManager::SetEncryptionKeysWithTimestamps:", "result":"Success", "context":Key timestamps[6]:[2021-01-22T09:25:58Z][2022-02-14T19:07:02Z][2023-06-22T17:07:00Z][2024-01-31T20:22:16Z][2024-08-05T19:18:22Z][2025-02-19T20:50:47Z]}
{"logTime": "0703/211320", "correlationVector":"XuPcvk8Vl1J10XLcIx/H0b","action":"Initial GetUpdates", "result":"", "context":Reason: NEW_CLIENT. cV=XuPcvk8Vl1J10XLcIx/H0b}
{"logTime": "0703/211320", "correlationVector":"XuPcvk8Vl1J10XLcIx/H0b.3","action":"GetUpdates Response", "result":"Success", "context":Received 1 update(s). cV=XuPcvk8Vl1J10XLcIx/H0b.0;server=akswtt00900001q;cloudType=Consumer;environment=Prod_centralus_prod-s01-068-nam-centralus;migrationStage=NotStarted}
{"logTime": "0703/211320", "correlationVector":"NzvN7XCu8u+4bGDJKOKhJy","action":"Initial GetUpdates", "result":"", "context":Reason: NEWLY_SUPPORTED_DATATYPE. cV=NzvN7XCu8u+4bGDJKOKhJy}
{"logTime": "0703/211321", "correlationVector":"NzvN7XCu8u+4bGDJKOKhJy.1","action":"SyncServerConnectionManagerRequest", "result":"SYNC_SERVER_OK", "context":{"environment":"Prod_centralus_prod-s01-068-nam-centralus", "migrationStage":"NotStarted", "server":"akswtt00900002z"}}
{"logTime": "0703/211321", "correlationVector":"NzvN7XCu8u+4bGDJKOKhJy.2","action":"ProcessGetUpdates", "result":"Done", "context":{"dataType":"Passwords", "deleted":"0", "process_failed_to_decrypt":"0", "process_pending_decryption":"0", "process_success":"9", "total":"9"}}
{"logTime": "0703/211321", "correlationVector":"NzvN7XCu8u+4bGDJKOKhJy.3","action":"GetUpdates Response", "result":"Success", "context":Received 9 update(s). cV=NzvN7XCu8u+4bGDJKOKhJy.0;server=akswtt00900002z;cloudType=Consumer;environment=Prod_centralus_prod-s01-068-nam-centralus;migrationStage=NotStarted}
{"logTime": "0703/211321", "correlationVector":"NlEejDYt/BlI+mqU6eFpGJ","action":"Normal GetUpdate request", "result":"", "context":cV=NlEejDYt/BlI+mqU6eFpGJ
Nudged types: Sessions, Device Info, History
Refresh requested types: Bookmarks, Preferences, Passwords, Autofill Profiles, Autofill, Extensions, Sessions, Extension settings, History Delete Directives, Device Info, User Consents, Send Tab To Self, Web Apps, History, Saved Tab Group, WebAuthn Credentials, Collection, Edge E Drop, Edge Hub App Usage, Edge Wallet, Encryption Keys}
{"logTime": "0703/211321", "correlationVector":"NlEejDYt/BlI+mqU6eFpGJ.1","action":"SyncServerConnectionManagerRequest", "result":"SYNC_SERVER_OK", "context":{"environment":"Prod_centralus_prod-s01-068-nam-centralus", "migrationStage":"NotStarted", "server":"akswtt00900000n"}}
{"logTime": "0703/211321", "correlationVector":"NlEejDYt/BlI+mqU6eFpGJ.2","action":"ProcessGetUpdates", "result":"Done", "context":{"dataType":"Preferences", "deleted":"0", "process_failed_to_decrypt":"0", "process_pending_decryption":"0", "process_success":"1", "total":"1"}}
{"logTime": "0703/211321", "correlationVector":"NlEejDYt/BlI+mqU6eFpGJ.3","action":"ProcessGetUpdates", "result":"Done", "context":{"dataType":"Sessions", "deleted":"1", "process_failed_to_decrypt":"0", "process_pending_decryption":"0", "process_success":"3", "total":"3"}}
{"logTime": "0703/211321", "correlationVector":"NlEejDYt/BlI+mqU6eFpGJ.4","action":"ProcessGetUpdates", "result":"Done", "context":{"dataType":"Device Info", "deleted":"0", "process_failed_to_decrypt":"0", "process_pending_decryption":"0", "process_success":"1", "total":"1"}}
{"logTime": "0703/211321", "correlationVector":"NlEejDYt/BlI+mqU6eFpGJ.5","action":"ProcessGetUpdates", "result":"Done", "context":{"dataType":"History", "deleted":"0", "process_failed_to_decrypt":"0", "process_pending_decryption":"0", "process_success":"2", "total":"2"}}
{"logTime": "0703/211321", "correlationVector":"NlEejDYt/BlI+mqU6eFpGJ.6","action":"ProcessGetUpdates", "result":"Done", "context":{"dataType":"Edge Hub App Usage", "deleted":"5", "process_failed_to_decrypt":"0", "process_pending_decryption":"0", "process_success":"6", "total":"6"}}
{"logTime": "0703/211321", "correlationVector":"NlEejDYt/BlI+mqU6eFpGJ.7","action":"GetUpdates Response", "result":"Success", "context":Received 13 update(s). cV=NlEejDYt/BlI+mqU6eFpGJ.0;server=akswtt00900000n;cloudType=Consumer;environment=Prod_centralus_prod-s01-068-nam-centralus;migrationStage=NotStarted}
{"logTime": "0703/211321", "correlationVector":"JjlYEoXVfAucXM9Z26/jcF","action":"Commit Request", "result":"", "context":Item count: 5
Contributing types: Sessions, Device Info, History}
{"logTime": "0703/211322", "correlationVector":"JjlYEoXVfAucXM9Z26/jcF.1","action":"SyncServerConnectionManagerRequest", "result":"SYNC_SERVER_OK", "context":{"environment":"Prod_centralus_prod-s01-068-nam-centralus", "migrationStage":"NotStarted", "server":"akswtt009000004"}}
{"logTime": "0703/211322", "correlationVector":"JjlYEoXVfAucXM9Z26/jcF.2","action":"Commit Response", "result":"Success", "context":Result: Success. cV=JjlYEoXVfAucXM9Z26/jcF.0;server=akswtt009000004;cloudType=Consumer;environment=Prod_centralus_prod-s01-068-nam-centralus;migrationStage=NotStarted}
{"logTime": "0703/211420", "correlationVector":"4Tp/yVQ7IZC5V2goWjp7j3","action":"Commit Request", "result":"", "context":Item count: 3
Contributing types: Sessions, History}
{"logTime": "0703/211421", "correlationVector":"4Tp/yVQ7IZC5V2goWjp7j3.1","action":"SyncServerConnectionManagerRequest", "result":"SYNC_SERVER_OK", "context":{"environment":"Prod_centralus_prod-s01-068-nam-centralus", "migrationStage":"NotStarted", "server":"akswtt00900002o"}}
{"logTime": "0703/211421", "correlationVector":"4Tp/yVQ7IZC5V2goWjp7j3.2","action":"Commit Response", "result":"Success", "context":Result: Success. cV=4Tp/yVQ7IZC5V2goWjp7j3.0;server=akswtt00900002o;cloudType=Consumer;environment=Prod_centralus_prod-s01-068-nam-centralus;migrationStage=NotStarted}
{"logTime": "0703/211421", "correlationVector":"4Tp/yVQ7IZC5V2goWjp7j3.3","action":"Commit.Sessions", "result":"Success", "context":{"id":"defa3263-fe90-4483-9466-3bf7eb9d7192", "isDeleted":"true", "size":"0", "version":"1751577192231"}}
{"logTime": "0703/212655", "correlationVector":"US2foY08XSLxIm+Qy5VGs7.1","action":"SyncServerConnectionManagerRequest", "result":"SYNC_SERVER_OK", "context":{"environment":"Prod_centralus_prod-s01-068-nam-centralus", "migrationStage":"NotStarted", "server":"akswtt00900001b"}}
{"logTime": "0703/212655", "correlationVector":"US2foY08XSLxIm+Qy5VGs7.2","action":"ProcessGetUpdates", "result":"Done", "context":{"dataType":"Encryption Keys", "deleted":"0", "process_failed_to_decrypt":"0", "process_pending_decryption":"0", "process_success":"1", "total":"1"}}
{"logTime": "0703/212655", "correlationVector":"2PHBj4M3jwGaqSeUel1H00","action":"SyncServerConnectionManagerRequest", "result":"SYNC_SERVER_OK", "context":{"environment":"", "migrationStage":"", "server":""}}
{"logTime": "0703/212655", "correlationVector":"2PHBj4M3jwGaqSeUel1H00.0","action":"EncryptionKeysFetcher.DownloadKeys:", "result":"Success", "context":Key count: 6, Last key timestamp: 2025-02-19T20:50:47Z}
{"logTime": "0703/212655", "correlationVector":"2PHBj4M3jwGaqSeUel1H00.1","action":"EncryptionKeysManager::SetEncryptionKeys:", "result":"Success", "context":Key names[6]:[qrT4vTS/md/EQmNc/FCSzKME1RwwjGM79JwxZxFhbQsk4ts1eXMToE0r59I9U/Al+39VyrQgA8AkD9s20OoiRg==][TicDx7ZEKZ/BPiVS1dIGJVBWpTCbgMnB0BqaNAXBjnRUmpvSszDnpGJFmS0jHhYGKEn+/vHW7Vxn1SpaH7z1Gg==][73f33sBDvgeq3Xb7FuY1OUP0H0C5zbXy7mq8vBLYot7Gwl4wfFJhBNb4lXOzdxTP/mOEE7EBGtNFF4YbK0BHKg==][TthB8hzywCsaRz8wqG11YCMOKDLsZs2P2DOzv//uATAy1TtnoN9iCcBGvrnD2r3xVGQieDm0Ii4aoEjiq8Pn8g==][VMAKfStJVbZ6XGnglOFQpvxkuHInrrBqDKPc1NXaismu6qz9wjWIoNQl8im2ASTIzyn87WQ/HZ9GC8yu8qxh+g==][cM6GBXeBqt7JJ6Zq+Rl6Q1q4ybA2F2X/4p4U/zpPbebVSreF88bqVi2GTJodbYf4SuHF3LkYDXJICmsSaFF33g==]}
{"logTime": "0703/212655", "correlationVector":"2PHBj4M3jwGaqSeUel1H00.2","action":"EncryptionKeysManager::SetEncryptionKeysWithTimestamps:", "result":"Success", "context":Key timestamps[6]:[2021-01-22T09:25:58Z][2022-02-14T19:07:02Z][2023-06-22T17:07:00Z][2024-01-31T20:22:16Z][2024-08-05T19:18:22Z][2025-02-19T20:50:47Z]}
{"logTime": "0703/212655", "correlationVector":"US2foY08XSLxIm+Qy5VGs7","action":"Initial GetUpdates", "result":"", "context":Reason: NEW_CLIENT. cV=US2foY08XSLxIm+Qy5VGs7}
{"logTime": "0703/212655", "correlationVector":"US2foY08XSLxIm+Qy5VGs7.3","action":"GetUpdates Response", "result":"Success", "context":Received 1 update(s). cV=US2foY08XSLxIm+Qy5VGs7.0;server=akswtt00900001b;cloudType=Consumer;environment=Prod_centralus_prod-s01-068-nam-centralus;migrationStage=NotStarted}
{"logTime": "0703/212655", "correlationVector":"QhpYKna1NQbwFfwsLytsef","action":"Initial GetUpdates", "result":"", "context":Reason: NEWLY_SUPPORTED_DATATYPE. cV=QhpYKna1NQbwFfwsLytsef}
{"logTime": "0703/212655", "correlationVector":"QhpYKna1NQbwFfwsLytsef.1","action":"SyncServerConnectionManagerRequest", "result":"SYNC_SERVER_OK", "context":{"environment":"Prod_centralus_prod-s01-068-nam-centralus", "migrationStage":"NotStarted", "server":"akswtt009000042"}}
{"logTime": "0703/212655", "correlationVector":"QhpYKna1NQbwFfwsLytsef.2","action":"ProcessGetUpdates", "result":"Done", "context":{"dataType":"Passwords", "deleted":"0", "process_failed_to_decrypt":"0", "process_pending_decryption":"0", "process_success":"9", "total":"9"}}
{"logTime": "0703/212655", "correlationVector":"QhpYKna1NQbwFfwsLytsef.3","action":"GetUpdates Response", "result":"Success", "context":Received 9 update(s). cV=QhpYKna1NQbwFfwsLytsef.0;server=akswtt009000042;cloudType=Consumer;environment=Prod_centralus_prod-s01-068-nam-centralus;migrationStage=NotStarted}
{"logTime": "0703/212655", "correlationVector":"ijWfAweIznpfl3YqZAWsbY","action":"Normal GetUpdate request", "result":"", "context":cV=ijWfAweIznpfl3YqZAWsbY
Nudged types: Sessions, Device Info, History
Refresh requested types: Bookmarks, Preferences, Passwords, Autofill Profiles, Autofill, Extensions, Sessions, Extension settings, History Delete Directives, Device Info, User Consents, Send Tab To Self, Web Apps, History, Saved Tab Group, WebAuthn Credentials, Collection, Edge E Drop, Edge Hub App Usage, Edge Wallet, Encryption Keys}
{"logTime": "0703/212656", "correlationVector":"ijWfAweIznpfl3YqZAWsbY.1","action":"SyncServerConnectionManagerRequest", "result":"SYNC_SERVER_OK", "context":{"environment":"Prod_centralus_prod-s01-068-nam-centralus", "migrationStage":"NotStarted", "server":"akswtt00900003t"}}
{"logTime": "0703/212656", "correlationVector":"ijWfAweIznpfl3YqZAWsbY.2","action":"ProcessGetUpdates", "result":"Done", "context":{"dataType":"Sessions", "deleted":"1", "process_failed_to_decrypt":"0", "process_pending_decryption":"0", "process_success":"4", "total":"4"}}
{"logTime": "0703/212656", "correlationVector":"ijWfAweIznpfl3YqZAWsbY.3","action":"ProcessGetUpdates", "result":"Done", "context":{"dataType":"Device Info", "deleted":"0", "process_failed_to_decrypt":"0", "process_pending_decryption":"0", "process_success":"1", "total":"1"}}
{"logTime": "0703/212656", "correlationVector":"ijWfAweIznpfl3YqZAWsbY.4","action":"ProcessGetUpdates", "result":"Done", "context":{"dataType":"History", "deleted":"0", "process_failed_to_decrypt":"0", "process_pending_decryption":"0", "process_success":"2", "total":"2"}}
{"logTime": "0703/212656", "correlationVector":"ijWfAweIznpfl3YqZAWsbY.5","action":"ProcessGetUpdates", "result":"Done", "context":{"dataType":"Edge Hub App Usage", "deleted":"0", "process_failed_to_decrypt":"0", "process_pending_decryption":"0", "process_success":"2", "total":"2"}}
{"logTime": "0703/212656", "correlationVector":"ijWfAweIznpfl3YqZAWsbY.6","action":"GetUpdates Response", "result":"Success", "context":Received 9 update(s). cV=ijWfAweIznpfl3YqZAWsbY.0;server=akswtt00900003t;cloudType=Consumer;environment=Prod_centralus_prod-s01-068-nam-centralus;migrationStage=NotStarted}
{"logTime": "0703/212656", "correlationVector":"8V93eHm+vjgGwZoewXVfdQ","action":"Commit Request", "result":"", "context":Item count: 5
Contributing types: Sessions, Device Info, History}
{"logTime": "0703/212657", "correlationVector":"8V93eHm+vjgGwZoewXVfdQ.1","action":"SyncServerConnectionManagerRequest", "result":"SYNC_SERVER_OK", "context":{"environment":"Prod_centralus_prod-s01-068-nam-centralus", "migrationStage":"NotStarted", "server":"akswtt00900003e"}}
{"logTime": "0703/212657", "correlationVector":"8V93eHm+vjgGwZoewXVfdQ.2","action":"Commit Response", "result":"Success", "context":Result: Success. cV=8V93eHm+vjgGwZoewXVfdQ.0;server=akswtt00900003e;cloudType=Consumer;environment=Prod_centralus_prod-s01-068-nam-centralus;migrationStage=NotStarted}
{"logTime": "0703/212657", "correlationVector":"8V93eHm+vjgGwZoewXVfdQ.3","action":"Commit.Sessions", "result":"Success", "context":{"id":"56d72156-403e-4331-bec2-00e60c33cec3", "isDeleted":"true", "size":"0", "version":"1751577250896"}}
{"logTime": "0703/212754", "correlationVector":"d9COqmwT0yPz7Gx3BG3ZB0","action":"Commit Request", "result":"", "context":Item count: 2
Contributing types: Sessions, History}
{"logTime": "0703/212755", "correlationVector":"d9COqmwT0yPz7Gx3BG3ZB0.1","action":"SyncServerConnectionManagerRequest", "result":"SYNC_SERVER_OK", "context":{"environment":"Prod_centralus_prod-s01-068-nam-centralus", "migrationStage":"NotStarted", "server":"akswtt00900001h"}}
{"logTime": "0703/212755", "correlationVector":"d9COqmwT0yPz7Gx3BG3ZB0.2","action":"Commit Response", "result":"Success", "context":Result: Success. cV=d9COqmwT0yPz7Gx3BG3ZB0.0;server=akswtt00900001h;cloudType=Consumer;environment=Prod_centralus_prod-s01-068-nam-centralus;migrationStage=NotStarted}
